This file contains any messages produced by compilers while
running configure, to aid debugging if configure makes a mistake.

It was created by graph-tool configure 2.2.21, which was
generated by GNU Autoconf 2.69.  Invocation command line was

  $ ./configure 

## --------- ##
## Platform. ##
## --------- ##

hostname = ip-10-157-53-55
uname -m = x86_64
uname -r = 3.2.0-31-virtual
uname -s = Linux
uname -v = #50-Ubuntu SMP Fri Sep 7 16:36:36 UTC 2012

/usr/bin/uname -p = unknown
/bin/uname -X     = unknown

/bin/arch              = unknown
/usr/bin/arch -k       = unknown
/usr/convex/getsysinfo = unknown
/usr/bin/hostinfo      = unknown
/bin/machine           = unknown
/usr/bin/oslevel       = unknown
/bin/universe          = unknown

PATH: /usr/local/sbin
PATH: /usr/local/bin
PATH: /usr/sbin
PATH: /usr/bin
PATH: /sbin
PATH: /bin
PATH: /usr/games


## ----------- ##
## Core tests. ##
## ----------- ##

configure:2669: checking for a BSD-compatible install
configure:2737: result: /usr/bin/install -c
configure:2748: checking whether build environment is sane
configure:2803: result: yes
configure:2954: checking for a thread-safe mkdir -p
configure:2993: result: /bin/mkdir -p
configure:3000: checking for gawk
configure:3030: result: no
configure:3000: checking for mawk
configure:3016: found /usr/bin/mawk
configure:3027: result: mawk
configure:3038: checking whether make sets $(MAKE)
configure:3060: result: yes
configure:3157: checking whether make supports nested variables
configure:3174: result: yes
configure:3197: checking for style of include used by make
configure:3225: result: GNU
configure:3296: checking for gcc
configure:3312: found /usr/bin/gcc
configure:3323: result: gcc
configure:3552: checking for C compiler version
configure:3561: gcc --version >&5
gcc (Ubuntu/Linaro 4.6.3-1ubuntu5) 4.6.3
Copyright (C) 2011 Free Software Foundation, Inc.
This is free software; see the source for copying conditions.  There is NO
warranty; not even for MERCHANTABILITY or FITNESS FOR A PARTICULAR PURPOSE.

configure:3572: $? = 0
configure:3561: gcc -v >&5
Using built-in specs.
COLLECT_GCC=gcc
COLLECT_LTO_WRAPPER=/usr/lib/gcc/x86_64-linux-gnu/4.6/lto-wrapper
Target: x86_64-linux-gnu
Configured with: ../src/configure -v --with-pkgversion='Ubuntu/Linaro 4.6.3-1ubuntu5' --with-bugurl=file:///usr/share/doc/gcc-4.6/README.Bugs --enable-languages=c,c++,fortran,objc,obj-c++ --prefix=/usr --program-suffix=-4.6 --enable-shared --enable-linker-build-id --with-system-zlib --libexecdir=/usr/lib --without-included-gettext --enable-threads=posix --with-gxx-include-dir=/usr/include/c++/4.6 --libdir=/usr/lib --enable-nls --with-sysroot=/ --enable-clocale=gnu --enable-libstdcxx-debug --enable-libstdcxx-time=yes --enable-gnu-unique-object --enable-plugin --enable-objc-gc --disable-werror --with-arch-32=i686 --with-tune=generic --enable-checking=release --build=x86_64-linux-gnu --host=x86_64-linux-gnu --target=x86_64-linux-gnu
Thread model: posix
gcc version 4.6.3 (Ubuntu/Linaro 4.6.3-1ubuntu5) 
configure:3572: $? = 0
configure:3561: gcc -V >&5
gcc: error: unrecognized option '-V'
gcc: fatal error: no input files
compilation terminated.
configure:3572: $? = 4
configure:3561: gcc -qversion >&5
gcc: error: unrecognized option '-qversion'
gcc: fatal error: no input files
compilation terminated.
configure:3572: $? = 4
configure:3592: checking whether the C compiler works
configure:3614: gcc    conftest.c  >&5
configure:3618: $? = 0
configure:3666: result: yes
configure:3669: checking for C compiler default output file name
configure:3671: result: a.out
configure:3677: checking for suffix of executables
configure:3684: gcc -o conftest    conftest.c  >&5
configure:3688: $? = 0
configure:3710: result: 
configure:3732: checking whether we are cross compiling
configure:3740: gcc -o conftest    conftest.c  >&5
configure:3744: $? = 0
configure:3751: ./conftest
configure:3755: $? = 0
configure:3770: result: no
configure:3775: checking for suffix of object files
configure:3797: gcc -c   conftest.c >&5
configure:3801: $? = 0
configure:3822: result: o
configure:3826: checking whether we are using the GNU C compiler
configure:3845: gcc -c   conftest.c >&5
configure:3845: $? = 0
configure:3854: result: yes
configure:3863: checking whether gcc accepts -g
configure:3883: gcc -c -g  conftest.c >&5
configure:3883: $? = 0
configure:3924: result: yes
configure:3941: checking for gcc option to accept ISO C89
configure:4004: gcc  -c -g -O2  conftest.c >&5
configure:4004: $? = 0
configure:4017: result: none needed
configure:4039: checking dependency style of gcc
configure:4150: result: gcc3
configure:4166: checking whether gcc and cc understand -c and -o together
configure:4197: gcc -c conftest.c -o conftest2.o >&5
configure:4201: $? = 0
configure:4207: gcc -c conftest.c -o conftest2.o >&5
configure:4211: $? = 0
configure:4222: cc -c conftest.c >&5
configure:4226: $? = 0
configure:4234: cc -c conftest.c -o conftest2.o >&5
configure:4238: $? = 0
configure:4244: cc -c conftest.c -o conftest2.o >&5
configure:4248: $? = 0
configure:4266: result: yes
configure:4296: checking for library containing strerror
configure:4327: gcc -o conftest -g -O2   conftest.c  >&5
configure:4327: $? = 0
configure:4344: result: none required
configure:4359: checking how to run the C preprocessor
configure:4390: gcc -E  conftest.c
configure:4390: $? = 0
configure:4404: gcc -E  conftest.c
conftest.c:11:28: fatal error: ac_nonexistent.h: No such file or directory
compilation terminated.
configure:4404: $? = 1
configure: failed program was:
| /* confdefs.h */
| #define PACKAGE_NAME "graph-tool"
| #define PACKAGE_TARNAME "graph-tool"
| #define PACKAGE_VERSION "2.2.21"
| #define PACKAGE_STRING "graph-tool 2.2.21"
| #define PACKAGE_BUGREPORT "http://graph-tool.skewed.de"
| #define PACKAGE_URL ""
| #define PACKAGE "graph-tool"
| #define VERSION "2.2.21"
| /* end confdefs.h.  */
| #include <ac_nonexistent.h>
configure:4429: result: gcc -E
configure:4449: gcc -E  conftest.c
configure:4449: $? = 0
configure:4463: gcc -E  conftest.c
conftest.c:11:28: fatal error: ac_nonexistent.h: No such file or directory
compilation terminated.
configure:4463: $? = 1
configure: failed program was:
| /* confdefs.h */
| #define PACKAGE_NAME "graph-tool"
| #define PACKAGE_TARNAME "graph-tool"
| #define PACKAGE_VERSION "2.2.21"
| #define PACKAGE_STRING "graph-tool 2.2.21"
| #define PACKAGE_BUGREPORT "http://graph-tool.skewed.de"
| #define PACKAGE_URL ""
| #define PACKAGE "graph-tool"
| #define VERSION "2.2.21"
| /* end confdefs.h.  */
| #include <ac_nonexistent.h>
configure:4492: checking for grep that handles long lines and -e
configure:4550: result: /bin/grep
configure:4555: checking for egrep
configure:4617: result: /bin/grep -E
configure:4622: checking for ANSI C header files
configure:4642: gcc -c -g -O2  conftest.c >&5
configure:4642: $? = 0
configure:4715: gcc -o conftest -g -O2   conftest.c  >&5
configure:4715: $? = 0
configure:4715: ./conftest
configure:4715: $? = 0
configure:4726: result: yes
configure:4739: checking for sys/types.h
configure:4739: gcc -c -g -O2  conftest.c >&5
configure:4739: $? = 0
configure:4739: result: yes
configure:4739: checking for sys/stat.h
configure:4739: gcc -c -g -O2  conftest.c >&5
configure:4739: $? = 0
configure:4739: result: yes
configure:4739: checking for stdlib.h
configure:4739: gcc -c -g -O2  conftest.c >&5
configure:4739: $? = 0
configure:4739: result: yes
configure:4739: checking for string.h
configure:4739: gcc -c -g -O2  conftest.c >&5
configure:4739: $? = 0
configure:4739: result: yes
configure:4739: checking for memory.h
configure:4739: gcc -c -g -O2  conftest.c >&5
configure:4739: $? = 0
configure:4739: result: yes
configure:4739: checking for strings.h
configure:4739: gcc -c -g -O2  conftest.c >&5
configure:4739: $? = 0
configure:4739: result: yes
configure:4739: checking for inttypes.h
configure:4739: gcc -c -g -O2  conftest.c >&5
configure:4739: $? = 0
configure:4739: result: yes
configure:4739: checking for stdint.h
configure:4739: gcc -c -g -O2  conftest.c >&5
configure:4739: $? = 0
configure:4739: result: yes
configure:4739: checking for unistd.h
configure:4739: gcc -c -g -O2  conftest.c >&5
configure:4739: $? = 0
configure:4739: result: yes
configure:4752: checking minix/config.h usability
configure:4752: gcc -c -g -O2  conftest.c >&5
conftest.c:54:26: fatal error: minix/config.h: No such file or directory
compilation terminated.
configure:4752: $? = 1
configure: failed program was:
| /* confdefs.h */
| #define PACKAGE_NAME "graph-tool"
| #define PACKAGE_TARNAME "graph-tool"
| #define PACKAGE_VERSION "2.2.21"
| #define PACKAGE_STRING "graph-tool 2.2.21"
| #define PACKAGE_BUGREPORT "http://graph-tool.skewed.de"
| #define PACKAGE_URL ""
| #define PACKAGE "graph-tool"
| #define VERSION "2.2.21"
| #define STDC_HEADERS 1
| #define HAVE_SYS_TYPES_H 1
| #define HAVE_SYS_STAT_H 1
| #define HAVE_STDLIB_H 1
| #define HAVE_STRING_H 1
| #define HAVE_MEMORY_H 1
| #define HAVE_STRINGS_H 1
| #define HAVE_INTTYPES_H 1
| #define HAVE_STDINT_H 1
| #define HAVE_UNISTD_H 1
| /* end confdefs.h.  */
| #include <stdio.h>
| #ifdef HAVE_SYS_TYPES_H
| # include <sys/types.h>
| #endif
| #ifdef HAVE_SYS_STAT_H
| # include <sys/stat.h>
| #endif
| #ifdef STDC_HEADERS
| # include <stdlib.h>
| # include <stddef.h>
| #else
| # ifdef HAVE_STDLIB_H
| #  include <stdlib.h>
| # endif
| #endif
| #ifdef HAVE_STRING_H
| # if !defined STDC_HEADERS && defined HAVE_MEMORY_H
| #  include <memory.h>
| # endif
| # include <string.h>
| #endif
| #ifdef HAVE_STRINGS_H
| # include <strings.h>
| #endif
| #ifdef HAVE_INTTYPES_H
| # include <inttypes.h>
| #endif
| #ifdef HAVE_STDINT_H
| # include <stdint.h>
| #endif
| #ifdef HAVE_UNISTD_H
| # include <unistd.h>
| #endif
| #include <minix/config.h>
configure:4752: result: no
configure:4752: checking minix/config.h presence
configure:4752: gcc -E  conftest.c
conftest.c:21:26: fatal error: minix/config.h: No such file or directory
compilation terminated.
configure:4752: $? = 1
configure: failed program was:
| /* confdefs.h */
| #define PACKAGE_NAME "graph-tool"
| #define PACKAGE_TARNAME "graph-tool"
| #define PACKAGE_VERSION "2.2.21"
| #define PACKAGE_STRING "graph-tool 2.2.21"
| #define PACKAGE_BUGREPORT "http://graph-tool.skewed.de"
| #define PACKAGE_URL ""
| #define PACKAGE "graph-tool"
| #define VERSION "2.2.21"
| #define STDC_HEADERS 1
| #define HAVE_SYS_TYPES_H 1
| #define HAVE_SYS_STAT_H 1
| #define HAVE_STDLIB_H 1
| #define HAVE_STRING_H 1
| #define HAVE_MEMORY_H 1
| #define HAVE_STRINGS_H 1
| #define HAVE_INTTYPES_H 1
| #define HAVE_STDINT_H 1
| #define HAVE_UNISTD_H 1
| /* end confdefs.h.  */
| #include <minix/config.h>
configure:4752: result: no
configure:4752: checking for minix/config.h
configure:4752: result: no
configure:4773: checking whether it is safe to define __EXTENSIONS__
configure:4791: gcc -c -g -O2  conftest.c >&5
configure:4791: $? = 0
configure:4798: result: yes
configure:4870: checking for g++
configure:4886: found /usr/bin/g++
configure:4897: result: g++
configure:4924: checking for C++ compiler version
configure:4933: g++ --version >&5
g++ (Ubuntu/Linaro 4.6.3-1ubuntu5) 4.6.3
Copyright (C) 2011 Free Software Foundation, Inc.
This is free software; see the source for copying conditions.  There is NO
warranty; not even for MERCHANTABILITY or FITNESS FOR A PARTICULAR PURPOSE.

configure:4944: $? = 0
configure:4933: g++ -v >&5
Using built-in specs.
COLLECT_GCC=g++
COLLECT_LTO_WRAPPER=/usr/lib/gcc/x86_64-linux-gnu/4.6/lto-wrapper
Target: x86_64-linux-gnu
Configured with: ../src/configure -v --with-pkgversion='Ubuntu/Linaro 4.6.3-1ubuntu5' --with-bugurl=file:///usr/share/doc/gcc-4.6/README.Bugs --enable-languages=c,c++,fortran,objc,obj-c++ --prefix=/usr --program-suffix=-4.6 --enable-shared --enable-linker-build-id --with-system-zlib --libexecdir=/usr/lib --without-included-gettext --enable-threads=posix --with-gxx-include-dir=/usr/include/c++/4.6 --libdir=/usr/lib --enable-nls --with-sysroot=/ --enable-clocale=gnu --enable-libstdcxx-debug --enable-libstdcxx-time=yes --enable-gnu-unique-object --enable-plugin --enable-objc-gc --disable-werror --with-arch-32=i686 --with-tune=generic --enable-checking=release --build=x86_64-linux-gnu --host=x86_64-linux-gnu --target=x86_64-linux-gnu
Thread model: posix
gcc version 4.6.3 (Ubuntu/Linaro 4.6.3-1ubuntu5) 
configure:4944: $? = 0
configure:4933: g++ -V >&5
g++: error: unrecognized option '-V'
g++: fatal error: no input files
compilation terminated.
configure:4944: $? = 4
configure:4933: g++ -qversion >&5
g++: error: unrecognized option '-qversion'
g++: fatal error: no input files
compilation terminated.
configure:4944: $? = 4
configure:4948: checking whether we are using the GNU C++ compiler
configure:4967: g++ -c   conftest.cpp >&5
configure:4967: $? = 0
configure:4976: result: yes
configure:4985: checking whether g++ accepts -g
configure:5005: g++ -c -g  conftest.cpp >&5
configure:5005: $? = 0
configure:5046: result: yes
configure:5071: checking dependency style of g++
configure:5182: result: gcc3
configure:5207: checking for gcc option to accept ISO C99
configure:5356: g++ -c   conftest.cpp >&5
conftest.cpp:76:29: error: expected ',' or '...' before 'text'
conftest.cpp: In function 'int test_restrict(ccp)':
conftest.cpp:81:30: error: 'text' was not declared in this scope
conftest.cpp: In function 'int main()':
conftest.cpp:130:18: error: expected initializer before 'newvar'
conftest.cpp:138:70: error: invalid conversion from 'void*' to 'incomplete_array*' [-fpermissive]
conftest.cpp:145:5: error: expected primary-expression before '.' token
conftest.cpp:146:5: error: expected primary-expression before '.' token
conftest.cpp:147:5: error: expected primary-expression before '.' token
conftest.cpp:156:59: error: 'newvar' was not declared in this scope
configure:5356: $? = 1
configure: failed program was:
| /* confdefs.h */
| #define PACKAGE_NAME "graph-tool"
| #define PACKAGE_TARNAME "graph-tool"
| #define PACKAGE_VERSION "2.2.21"
| #define PACKAGE_STRING "graph-tool 2.2.21"
| #define PACKAGE_BUGREPORT "http://graph-tool.skewed.de"
| #define PACKAGE_URL ""
| #define PACKAGE "graph-tool"
| #define VERSION "2.2.21"
| #define STDC_HEADERS 1
| #define HAVE_SYS_TYPES_H 1
| #define HAVE_SYS_STAT_H 1
| #define HAVE_STDLIB_H 1
| #define HAVE_STRING_H 1
| #define HAVE_MEMORY_H 1
| #define HAVE_STRINGS_H 1
| #define HAVE_INTTYPES_H 1
| #define HAVE_STDINT_H 1
| #define HAVE_UNISTD_H 1
| #define __EXTENSIONS__ 1
| #define _ALL_SOURCE 1
| #define _GNU_SOURCE 1
| #define _POSIX_PTHREAD_SEMANTICS 1
| #define _TANDEM_SOURCE 1
| /* end confdefs.h.  */
| #include <stdarg.h>
| #include <stdbool.h>
| #include <stdlib.h>
| #include <wchar.h>
| #include <stdio.h>
| 
| // Check varargs macros.  These examples are taken from C99 6.10.3.5.
| #define debug(...) fprintf (stderr, __VA_ARGS__)
| #define showlist(...) puts (#__VA_ARGS__)
| #define report(test,...) ((test) ? puts (#test) : printf (__VA_ARGS__))
| static void
| test_varargs_macros (void)
| {
|   int x = 1234;
|   int y = 5678;
|   debug ("Flag");
|   debug ("X = %d\n", x);
|   showlist (The first, second, and third items.);
|   report (x>y, "x is %d but y is %d", x, y);
| }
| 
| // Check long long types.
| #define BIG64 18446744073709551615ull
| #define BIG32 4294967295ul
| #define BIG_OK (BIG64 / BIG32 == 4294967297ull && BIG64 % BIG32 == 0)
| #if !BIG_OK
|   your preprocessor is broken;
| #endif
| #if BIG_OK
| #else
|   your preprocessor is broken;
| #endif
| static long long int bignum = -9223372036854775807LL;
| static unsigned long long int ubignum = BIG64;
| 
| struct incomplete_array
| {
|   int datasize;
|   double data[];
| };
| 
| struct named_init {
|   int number;
|   const wchar_t *name;
|   double average;
| };
| 
| typedef const char *ccp;
| 
| static inline int
| test_restrict (ccp restrict text)
| {
|   // See if C++-style comments work.
|   // Iterate through items via the restricted pointer.
|   // Also check for declarations in for loops.
|   for (unsigned int i = 0; *(text+i) != '\0'; ++i)
|     continue;
|   return 0;
| }
| 
| // Check varargs and va_copy.
| static void
| test_varargs (const char *format, ...)
| {
|   va_list args;
|   va_start (args, format);
|   va_list args_copy;
|   va_copy (args_copy, args);
| 
|   const char *str;
|   int number;
|   float fnumber;
| 
|   while (*format)
|     {
|       switch (*format++)
| 	{
| 	case 's': // string
| 	  str = va_arg (args_copy, const char *);
| 	  break;
| 	case 'd': // int
| 	  number = va_arg (args_copy, int);
| 	  break;
| 	case 'f': // float
| 	  fnumber = va_arg (args_copy, double);
| 	  break;
| 	default:
| 	  break;
| 	}
|     }
|   va_end (args_copy);
|   va_end (args);
| }
| 
| int
| main ()
| {
| 
|   // Check bool.
|   _Bool success = false;
| 
|   // Check restrict.
|   if (test_restrict ("String literal") == 0)
|     success = true;
|   char *restrict newvar = "Another string";
| 
|   // Check varargs.
|   test_varargs ("s, d' f .", "string", 65, 34.234);
|   test_varargs_macros ();
| 
|   // Check flexible array members.
|   struct incomplete_array *ia =
|     malloc (sizeof (struct incomplete_array) + (sizeof (double) * 10));
|   ia->datasize = 10;
|   for (int i = 0; i < ia->datasize; ++i)
|     ia->data[i] = i * 1.234;
| 
|   // Check named initializers.
|   struct named_init ni = {
|     .number = 34,
|     .name = L"Test wide string",
|     .average = 543.34343,
|   };
| 
|   ni.number = 58;
| 
|   int dynamic_array[ni.number];
|   dynamic_array[ni.number - 1] = 543;
| 
|   // work around unused variable warnings
|   return (!success || bignum == 0LL || ubignum == 0uLL || newvar[0] == 'x'
| 	  || dynamic_array[ni.number - 1] != 543);
| 
|   ;
|   return 0;
| }
configure:5356: g++ -c   conftest.cpp >&5
conftest.cpp:76:29: error: expected ',' or '...' before 'text'
conftest.cpp: In function 'int test_restrict(ccp)':
conftest.cpp:81:30: error: 'text' was not declared in this scope
conftest.cpp: In function 'int main()':
conftest.cpp:130:18: error: expected initializer before 'newvar'
conftest.cpp:138:70: error: invalid conversion from 'void*' to 'incomplete_array*' [-fpermissive]
conftest.cpp:145:5: error: expected primary-expression before '.' token
conftest.cpp:146:5: error: expected primary-expression before '.' token
conftest.cpp:147:5: error: expected primary-expression before '.' token
conftest.cpp:156:59: error: 'newvar' was not declared in this scope
configure:5356: $? = 1
configure: failed program was:
| /* confdefs.h */
| #define PACKAGE_NAME "graph-tool"
| #define PACKAGE_TARNAME "graph-tool"
| #define PACKAGE_VERSION "2.2.21"
| #define PACKAGE_STRING "graph-tool 2.2.21"
| #define PACKAGE_BUGREPORT "http://graph-tool.skewed.de"
| #define PACKAGE_URL ""
| #define PACKAGE "graph-tool"
| #define VERSION "2.2.21"
| #define STDC_HEADERS 1
| #define HAVE_SYS_TYPES_H 1
| #define HAVE_SYS_STAT_H 1
| #define HAVE_STDLIB_H 1
| #define HAVE_STRING_H 1
| #define HAVE_MEMORY_H 1
| #define HAVE_STRINGS_H 1
| #define HAVE_INTTYPES_H 1
| #define HAVE_STDINT_H 1
| #define HAVE_UNISTD_H 1
| #define __EXTENSIONS__ 1
| #define _ALL_SOURCE 1
| #define _GNU_SOURCE 1
| #define _POSIX_PTHREAD_SEMANTICS 1
| #define _TANDEM_SOURCE 1
| /* end confdefs.h.  */
| #include <stdarg.h>
| #include <stdbool.h>
| #include <stdlib.h>
| #include <wchar.h>
| #include <stdio.h>
| 
| // Check varargs macros.  These examples are taken from C99 6.10.3.5.
| #define debug(...) fprintf (stderr, __VA_ARGS__)
| #define showlist(...) puts (#__VA_ARGS__)
| #define report(test,...) ((test) ? puts (#test) : printf (__VA_ARGS__))
| static void
| test_varargs_macros (void)
| {
|   int x = 1234;
|   int y = 5678;
|   debug ("Flag");
|   debug ("X = %d\n", x);
|   showlist (The first, second, and third items.);
|   report (x>y, "x is %d but y is %d", x, y);
| }
| 
| // Check long long types.
| #define BIG64 18446744073709551615ull
| #define BIG32 4294967295ul
| #define BIG_OK (BIG64 / BIG32 == 4294967297ull && BIG64 % BIG32 == 0)
| #if !BIG_OK
|   your preprocessor is broken;
| #endif
| #if BIG_OK
| #else
|   your preprocessor is broken;
| #endif
| static long long int bignum = -9223372036854775807LL;
| static unsigned long long int ubignum = BIG64;
| 
| struct incomplete_array
| {
|   int datasize;
|   double data[];
| };
| 
| struct named_init {
|   int number;
|   const wchar_t *name;
|   double average;
| };
| 
| typedef const char *ccp;
| 
| static inline int
| test_restrict (ccp restrict text)
| {
|   // See if C++-style comments work.
|   // Iterate through items via the restricted pointer.
|   // Also check for declarations in for loops.
|   for (unsigned int i = 0; *(text+i) != '\0'; ++i)
|     continue;
|   return 0;
| }
| 
| // Check varargs and va_copy.
| static void
| test_varargs (const char *format, ...)
| {
|   va_list args;
|   va_start (args, format);
|   va_list args_copy;
|   va_copy (args_copy, args);
| 
|   const char *str;
|   int number;
|   float fnumber;
| 
|   while (*format)
|     {
|       switch (*format++)
| 	{
| 	case 's': // string
| 	  str = va_arg (args_copy, const char *);
| 	  break;
| 	case 'd': // int
| 	  number = va_arg (args_copy, int);
| 	  break;
| 	case 'f': // float
| 	  fnumber = va_arg (args_copy, double);
| 	  break;
| 	default:
| 	  break;
| 	}
|     }
|   va_end (args_copy);
|   va_end (args);
| }
| 
| int
| main ()
| {
| 
|   // Check bool.
|   _Bool success = false;
| 
|   // Check restrict.
|   if (test_restrict ("String literal") == 0)
|     success = true;
|   char *restrict newvar = "Another string";
| 
|   // Check varargs.
|   test_varargs ("s, d' f .", "string", 65, 34.234);
|   test_varargs_macros ();
| 
|   // Check flexible array members.
|   struct incomplete_array *ia =
|     malloc (sizeof (struct incomplete_array) + (sizeof (double) * 10));
|   ia->datasize = 10;
|   for (int i = 0; i < ia->datasize; ++i)
|     ia->data[i] = i * 1.234;
| 
|   // Check named initializers.
|   struct named_init ni = {
|     .number = 34,
|     .name = L"Test wide string",
|     .average = 543.34343,
|   };
| 
|   ni.number = 58;
| 
|   int dynamic_array[ni.number];
|   dynamic_array[ni.number - 1] = 543;
| 
|   // work around unused variable warnings
|   return (!success || bignum == 0LL || ubignum == 0uLL || newvar[0] == 'x'
| 	  || dynamic_array[ni.number - 1] != 543);
| 
|   ;
|   return 0;
| }
configure:5356: g++ -c   conftest.cpp >&5
conftest.cpp:76:29: error: expected ',' or '...' before 'text'
conftest.cpp: In function 'int test_restrict(ccp)':
conftest.cpp:81:30: error: 'text' was not declared in this scope
conftest.cpp: In function 'int main()':
conftest.cpp:130:18: error: expected initializer before 'newvar'
conftest.cpp:138:70: error: invalid conversion from 'void*' to 'incomplete_array*' [-fpermissive]
conftest.cpp:145:5: error: expected primary-expression before '.' token
conftest.cpp:146:5: error: expected primary-expression before '.' token
conftest.cpp:147:5: error: expected primary-expression before '.' token
conftest.cpp:156:59: error: 'newvar' was not declared in this scope
configure:5356: $? = 1
configure: failed program was:
| /* confdefs.h */
| #define PACKAGE_NAME "graph-tool"
| #define PACKAGE_TARNAME "graph-tool"
| #define PACKAGE_VERSION "2.2.21"
| #define PACKAGE_STRING "graph-tool 2.2.21"
| #define PACKAGE_BUGREPORT "http://graph-tool.skewed.de"
| #define PACKAGE_URL ""
| #define PACKAGE "graph-tool"
| #define VERSION "2.2.21"
| #define STDC_HEADERS 1
| #define HAVE_SYS_TYPES_H 1
| #define HAVE_SYS_STAT_H 1
| #define HAVE_STDLIB_H 1
| #define HAVE_STRING_H 1
| #define HAVE_MEMORY_H 1
| #define HAVE_STRINGS_H 1
| #define HAVE_INTTYPES_H 1
| #define HAVE_STDINT_H 1
| #define HAVE_UNISTD_H 1
| #define __EXTENSIONS__ 1
| #define _ALL_SOURCE 1
| #define _GNU_SOURCE 1
| #define _POSIX_PTHREAD_SEMANTICS 1
| #define _TANDEM_SOURCE 1
| /* end confdefs.h.  */
| #include <stdarg.h>
| #include <stdbool.h>
| #include <stdlib.h>
| #include <wchar.h>
| #include <stdio.h>
| 
| // Check varargs macros.  These examples are taken from C99 6.10.3.5.
| #define debug(...) fprintf (stderr, __VA_ARGS__)
| #define showlist(...) puts (#__VA_ARGS__)
| #define report(test,...) ((test) ? puts (#test) : printf (__VA_ARGS__))
| static void
| test_varargs_macros (void)
| {
|   int x = 1234;
|   int y = 5678;
|   debug ("Flag");
|   debug ("X = %d\n", x);
|   showlist (The first, second, and third items.);
|   report (x>y, "x is %d but y is %d", x, y);
| }
| 
| // Check long long types.
| #define BIG64 18446744073709551615ull
| #define BIG32 4294967295ul
| #define BIG_OK (BIG64 / BIG32 == 4294967297ull && BIG64 % BIG32 == 0)
| #if !BIG_OK
|   your preprocessor is broken;
| #endif
| #if BIG_OK
| #else
|   your preprocessor is broken;
| #endif
| static long long int bignum = -9223372036854775807LL;
| static unsigned long long int ubignum = BIG64;
| 
| struct incomplete_array
| {
|   int datasize;
|   double data[];
| };
| 
| struct named_init {
|   int number;
|   const wchar_t *name;
|   double average;
| };
| 
| typedef const char *ccp;
| 
| static inline int
| test_restrict (ccp restrict text)
| {
|   // See if C++-style comments work.
|   // Iterate through items via the restricted pointer.
|   // Also check for declarations in for loops.
|   for (unsigned int i = 0; *(text+i) != '\0'; ++i)
|     continue;
|   return 0;
| }
| 
| // Check varargs and va_copy.
| static void
| test_varargs (const char *format, ...)
| {
|   va_list args;
|   va_start (args, format);
|   va_list args_copy;
|   va_copy (args_copy, args);
| 
|   const char *str;
|   int number;
|   float fnumber;
| 
|   while (*format)
|     {
|       switch (*format++)
| 	{
| 	case 's': // string
| 	  str = va_arg (args_copy, const char *);
| 	  break;
| 	case 'd': // int
| 	  number = va_arg (args_copy, int);
| 	  break;
| 	case 'f': // float
| 	  fnumber = va_arg (args_copy, double);
| 	  break;
| 	default:
| 	  break;
| 	}
|     }
|   va_end (args_copy);
|   va_end (args);
| }
| 
| int
| main ()
| {
| 
|   // Check bool.
|   _Bool success = false;
| 
|   // Check restrict.
|   if (test_restrict ("String literal") == 0)
|     success = true;
|   char *restrict newvar = "Another string";
| 
|   // Check varargs.
|   test_varargs ("s, d' f .", "string", 65, 34.234);
|   test_varargs_macros ();
| 
|   // Check flexible array members.
|   struct incomplete_array *ia =
|     malloc (sizeof (struct incomplete_array) + (sizeof (double) * 10));
|   ia->datasize = 10;
|   for (int i = 0; i < ia->datasize; ++i)
|     ia->data[i] = i * 1.234;
| 
|   // Check named initializers.
|   struct named_init ni = {
|     .number = 34,
|     .name = L"Test wide string",
|     .average = 543.34343,
|   };
| 
|   ni.number = 58;
| 
|   int dynamic_array[ni.number];
|   dynamic_array[ni.number - 1] = 543;
| 
|   // work around unused variable warnings
|   return (!success || bignum == 0LL || ubignum == 0uLL || newvar[0] == 'x'
| 	  || dynamic_array[ni.number - 1] != 543);
| 
|   ;
|   return 0;
| }
configure:5356: g++ -c   conftest.cpp >&5
conftest.cpp:76:29: error: expected ',' or '...' before 'text'
conftest.cpp: In function 'int test_restrict(ccp)':
conftest.cpp:81:30: error: 'text' was not declared in this scope
conftest.cpp: In function 'int main()':
conftest.cpp:130:18: error: expected initializer before 'newvar'
conftest.cpp:138:70: error: invalid conversion from 'void*' to 'incomplete_array*' [-fpermissive]
conftest.cpp:145:5: error: expected primary-expression before '.' token
conftest.cpp:146:5: error: expected primary-expression before '.' token
conftest.cpp:147:5: error: expected primary-expression before '.' token
conftest.cpp:156:59: error: 'newvar' was not declared in this scope
configure:5356: $? = 1
configure: failed program was:
| /* confdefs.h */
| #define PACKAGE_NAME "graph-tool"
| #define PACKAGE_TARNAME "graph-tool"
| #define PACKAGE_VERSION "2.2.21"
| #define PACKAGE_STRING "graph-tool 2.2.21"
| #define PACKAGE_BUGREPORT "http://graph-tool.skewed.de"
| #define PACKAGE_URL ""
| #define PACKAGE "graph-tool"
| #define VERSION "2.2.21"
| #define STDC_HEADERS 1
| #define HAVE_SYS_TYPES_H 1
| #define HAVE_SYS_STAT_H 1
| #define HAVE_STDLIB_H 1
| #define HAVE_STRING_H 1
| #define HAVE_MEMORY_H 1
| #define HAVE_STRINGS_H 1
| #define HAVE_INTTYPES_H 1
| #define HAVE_STDINT_H 1
| #define HAVE_UNISTD_H 1
| #define __EXTENSIONS__ 1
| #define _ALL_SOURCE 1
| #define _GNU_SOURCE 1
| #define _POSIX_PTHREAD_SEMANTICS 1
| #define _TANDEM_SOURCE 1
| /* end confdefs.h.  */
| #include <stdarg.h>
| #include <stdbool.h>
| #include <stdlib.h>
| #include <wchar.h>
| #include <stdio.h>
| 
| // Check varargs macros.  These examples are taken from C99 6.10.3.5.
| #define debug(...) fprintf (stderr, __VA_ARGS__)
| #define showlist(...) puts (#__VA_ARGS__)
| #define report(test,...) ((test) ? puts (#test) : printf (__VA_ARGS__))
| static void
| test_varargs_macros (void)
| {
|   int x = 1234;
|   int y = 5678;
|   debug ("Flag");
|   debug ("X = %d\n", x);
|   showlist (The first, second, and third items.);
|   report (x>y, "x is %d but y is %d", x, y);
| }
| 
| // Check long long types.
| #define BIG64 18446744073709551615ull
| #define BIG32 4294967295ul
| #define BIG_OK (BIG64 / BIG32 == 4294967297ull && BIG64 % BIG32 == 0)
| #if !BIG_OK
|   your preprocessor is broken;
| #endif
| #if BIG_OK
| #else
|   your preprocessor is broken;
| #endif
| static long long int bignum = -9223372036854775807LL;
| static unsigned long long int ubignum = BIG64;
| 
| struct incomplete_array
| {
|   int datasize;
|   double data[];
| };
| 
| struct named_init {
|   int number;
|   const wchar_t *name;
|   double average;
| };
| 
| typedef const char *ccp;
| 
| static inline int
| test_restrict (ccp restrict text)
| {
|   // See if C++-style comments work.
|   // Iterate through items via the restricted pointer.
|   // Also check for declarations in for loops.
|   for (unsigned int i = 0; *(text+i) != '\0'; ++i)
|     continue;
|   return 0;
| }
| 
| // Check varargs and va_copy.
| static void
| test_varargs (const char *format, ...)
| {
|   va_list args;
|   va_start (args, format);
|   va_list args_copy;
|   va_copy (args_copy, args);
| 
|   const char *str;
|   int number;
|   float fnumber;
| 
|   while (*format)
|     {
|       switch (*format++)
| 	{
| 	case 's': // string
| 	  str = va_arg (args_copy, const char *);
| 	  break;
| 	case 'd': // int
| 	  number = va_arg (args_copy, int);
| 	  break;
| 	case 'f': // float
| 	  fnumber = va_arg (args_copy, double);
| 	  break;
| 	default:
| 	  break;
| 	}
|     }
|   va_end (args_copy);
|   va_end (args);
| }
| 
| int
| main ()
| {
| 
|   // Check bool.
|   _Bool success = false;
| 
|   // Check restrict.
|   if (test_restrict ("String literal") == 0)
|     success = true;
|   char *restrict newvar = "Another string";
| 
|   // Check varargs.
|   test_varargs ("s, d' f .", "string", 65, 34.234);
|   test_varargs_macros ();
| 
|   // Check flexible array members.
|   struct incomplete_array *ia =
|     malloc (sizeof (struct incomplete_array) + (sizeof (double) * 10));
|   ia->datasize = 10;
|   for (int i = 0; i < ia->datasize; ++i)
|     ia->data[i] = i * 1.234;
| 
|   // Check named initializers.
|   struct named_init ni = {
|     .number = 34,
|     .name = L"Test wide string",
|     .average = 543.34343,
|   };
| 
|   ni.number = 58;
| 
|   int dynamic_array[ni.number];
|   dynamic_array[ni.number - 1] = 543;
| 
|   // work around unused variable warnings
|   return (!success || bignum == 0LL || ubignum == 0uLL || newvar[0] == 'x'
| 	  || dynamic_array[ni.number - 1] != 543);
| 
|   ;
|   return 0;
| }
configure:5356: g++ -c   conftest.cpp >&5
conftest.cpp:76:29: error: expected ',' or '...' before 'text'
conftest.cpp: In function 'int test_restrict(ccp)':
conftest.cpp:81:30: error: 'text' was not declared in this scope
conftest.cpp: In function 'int main()':
conftest.cpp:130:18: error: expected initializer before 'newvar'
conftest.cpp:138:70: error: invalid conversion from 'void*' to 'incomplete_array*' [-fpermissive]
conftest.cpp:145:5: error: expected primary-expression before '.' token
conftest.cpp:146:5: error: expected primary-expression before '.' token
conftest.cpp:147:5: error: expected primary-expression before '.' token
conftest.cpp:156:59: error: 'newvar' was not declared in this scope
configure:5356: $? = 1
configure: failed program was:
| /* confdefs.h */
| #define PACKAGE_NAME "graph-tool"
| #define PACKAGE_TARNAME "graph-tool"
| #define PACKAGE_VERSION "2.2.21"
| #define PACKAGE_STRING "graph-tool 2.2.21"
| #define PACKAGE_BUGREPORT "http://graph-tool.skewed.de"
| #define PACKAGE_URL ""
| #define PACKAGE "graph-tool"
| #define VERSION "2.2.21"
| #define STDC_HEADERS 1
| #define HAVE_SYS_TYPES_H 1
| #define HAVE_SYS_STAT_H 1
| #define HAVE_STDLIB_H 1
| #define HAVE_STRING_H 1
| #define HAVE_MEMORY_H 1
| #define HAVE_STRINGS_H 1
| #define HAVE_INTTYPES_H 1
| #define HAVE_STDINT_H 1
| #define HAVE_UNISTD_H 1
| #define __EXTENSIONS__ 1
| #define _ALL_SOURCE 1
| #define _GNU_SOURCE 1
| #define _POSIX_PTHREAD_SEMANTICS 1
| #define _TANDEM_SOURCE 1
| /* end confdefs.h.  */
| #include <stdarg.h>
| #include <stdbool.h>
| #include <stdlib.h>
| #include <wchar.h>
| #include <stdio.h>
| 
| // Check varargs macros.  These examples are taken from C99 6.10.3.5.
| #define debug(...) fprintf (stderr, __VA_ARGS__)
| #define showlist(...) puts (#__VA_ARGS__)
| #define report(test,...) ((test) ? puts (#test) : printf (__VA_ARGS__))
| static void
| test_varargs_macros (void)
| {
|   int x = 1234;
|   int y = 5678;
|   debug ("Flag");
|   debug ("X = %d\n", x);
|   showlist (The first, second, and third items.);
|   report (x>y, "x is %d but y is %d", x, y);
| }
| 
| // Check long long types.
| #define BIG64 18446744073709551615ull
| #define BIG32 4294967295ul
| #define BIG_OK (BIG64 / BIG32 == 4294967297ull && BIG64 % BIG32 == 0)
| #if !BIG_OK
|   your preprocessor is broken;
| #endif
| #if BIG_OK
| #else
|   your preprocessor is broken;
| #endif
| static long long int bignum = -9223372036854775807LL;
| static unsigned long long int ubignum = BIG64;
| 
| struct incomplete_array
| {
|   int datasize;
|   double data[];
| };
| 
| struct named_init {
|   int number;
|   const wchar_t *name;
|   double average;
| };
| 
| typedef const char *ccp;
| 
| static inline int
| test_restrict (ccp restrict text)
| {
|   // See if C++-style comments work.
|   // Iterate through items via the restricted pointer.
|   // Also check for declarations in for loops.
|   for (unsigned int i = 0; *(text+i) != '\0'; ++i)
|     continue;
|   return 0;
| }
| 
| // Check varargs and va_copy.
| static void
| test_varargs (const char *format, ...)
| {
|   va_list args;
|   va_start (args, format);
|   va_list args_copy;
|   va_copy (args_copy, args);
| 
|   const char *str;
|   int number;
|   float fnumber;
| 
|   while (*format)
|     {
|       switch (*format++)
| 	{
| 	case 's': // string
| 	  str = va_arg (args_copy, const char *);
| 	  break;
| 	case 'd': // int
| 	  number = va_arg (args_copy, int);
| 	  break;
| 	case 'f': // float
| 	  fnumber = va_arg (args_copy, double);
| 	  break;
| 	default:
| 	  break;
| 	}
|     }
|   va_end (args_copy);
|   va_end (args);
| }
| 
| int
| main ()
| {
| 
|   // Check bool.
|   _Bool success = false;
| 
|   // Check restrict.
|   if (test_restrict ("String literal") == 0)
|     success = true;
|   char *restrict newvar = "Another string";
| 
|   // Check varargs.
|   test_varargs ("s, d' f .", "string", 65, 34.234);
|   test_varargs_macros ();
| 
|   // Check flexible array members.
|   struct incomplete_array *ia =
|     malloc (sizeof (struct incomplete_array) + (sizeof (double) * 10));
|   ia->datasize = 10;
|   for (int i = 0; i < ia->datasize; ++i)
|     ia->data[i] = i * 1.234;
| 
|   // Check named initializers.
|   struct named_init ni = {
|     .number = 34,
|     .name = L"Test wide string",
|     .average = 543.34343,
|   };
| 
|   ni.number = 58;
| 
|   int dynamic_array[ni.number];
|   dynamic_array[ni.number - 1] = 543;
| 
|   // work around unused variable warnings
|   return (!success || bignum == 0LL || ubignum == 0uLL || newvar[0] == 'x'
| 	  || dynamic_array[ni.number - 1] != 543);
| 
|   ;
|   return 0;
| }
configure:5356: g++ -c   conftest.cpp >&5
conftest.cpp:76:29: error: expected ',' or '...' before 'text'
conftest.cpp: In function 'int test_restrict(ccp)':
conftest.cpp:81:30: error: 'text' was not declared in this scope
conftest.cpp: In function 'int main()':
conftest.cpp:130:18: error: expected initializer before 'newvar'
conftest.cpp:138:70: error: invalid conversion from 'void*' to 'incomplete_array*' [-fpermissive]
conftest.cpp:145:5: error: expected primary-expression before '.' token
conftest.cpp:146:5: error: expected primary-expression before '.' token
conftest.cpp:147:5: error: expected primary-expression before '.' token
conftest.cpp:156:59: error: 'newvar' was not declared in this scope
configure:5356: $? = 1
configure: failed program was:
| /* confdefs.h */
| #define PACKAGE_NAME "graph-tool"
| #define PACKAGE_TARNAME "graph-tool"
| #define PACKAGE_VERSION "2.2.21"
| #define PACKAGE_STRING "graph-tool 2.2.21"
| #define PACKAGE_BUGREPORT "http://graph-tool.skewed.de"
| #define PACKAGE_URL ""
| #define PACKAGE "graph-tool"
| #define VERSION "2.2.21"
| #define STDC_HEADERS 1
| #define HAVE_SYS_TYPES_H 1
| #define HAVE_SYS_STAT_H 1
| #define HAVE_STDLIB_H 1
| #define HAVE_STRING_H 1
| #define HAVE_MEMORY_H 1
| #define HAVE_STRINGS_H 1
| #define HAVE_INTTYPES_H 1
| #define HAVE_STDINT_H 1
| #define HAVE_UNISTD_H 1
| #define __EXTENSIONS__ 1
| #define _ALL_SOURCE 1
| #define _GNU_SOURCE 1
| #define _POSIX_PTHREAD_SEMANTICS 1
| #define _TANDEM_SOURCE 1
| /* end confdefs.h.  */
| #include <stdarg.h>
| #include <stdbool.h>
| #include <stdlib.h>
| #include <wchar.h>
| #include <stdio.h>
| 
| // Check varargs macros.  These examples are taken from C99 6.10.3.5.
| #define debug(...) fprintf (stderr, __VA_ARGS__)
| #define showlist(...) puts (#__VA_ARGS__)
| #define report(test,...) ((test) ? puts (#test) : printf (__VA_ARGS__))
| static void
| test_varargs_macros (void)
| {
|   int x = 1234;
|   int y = 5678;
|   debug ("Flag");
|   debug ("X = %d\n", x);
|   showlist (The first, second, and third items.);
|   report (x>y, "x is %d but y is %d", x, y);
| }
| 
| // Check long long types.
| #define BIG64 18446744073709551615ull
| #define BIG32 4294967295ul
| #define BIG_OK (BIG64 / BIG32 == 4294967297ull && BIG64 % BIG32 == 0)
| #if !BIG_OK
|   your preprocessor is broken;
| #endif
| #if BIG_OK
| #else
|   your preprocessor is broken;
| #endif
| static long long int bignum = -9223372036854775807LL;
| static unsigned long long int ubignum = BIG64;
| 
| struct incomplete_array
| {
|   int datasize;
|   double data[];
| };
| 
| struct named_init {
|   int number;
|   const wchar_t *name;
|   double average;
| };
| 
| typedef const char *ccp;
| 
| static inline int
| test_restrict (ccp restrict text)
| {
|   // See if C++-style comments work.
|   // Iterate through items via the restricted pointer.
|   // Also check for declarations in for loops.
|   for (unsigned int i = 0; *(text+i) != '\0'; ++i)
|     continue;
|   return 0;
| }
| 
| // Check varargs and va_copy.
| static void
| test_varargs (const char *format, ...)
| {
|   va_list args;
|   va_start (args, format);
|   va_list args_copy;
|   va_copy (args_copy, args);
| 
|   const char *str;
|   int number;
|   float fnumber;
| 
|   while (*format)
|     {
|       switch (*format++)
| 	{
| 	case 's': // string
| 	  str = va_arg (args_copy, const char *);
| 	  break;
| 	case 'd': // int
| 	  number = va_arg (args_copy, int);
| 	  break;
| 	case 'f': // float
| 	  fnumber = va_arg (args_copy, double);
| 	  break;
| 	default:
| 	  break;
| 	}
|     }
|   va_end (args_copy);
|   va_end (args);
| }
| 
| int
| main ()
| {
| 
|   // Check bool.
|   _Bool success = false;
| 
|   // Check restrict.
|   if (test_restrict ("String literal") == 0)
|     success = true;
|   char *restrict newvar = "Another string";
| 
|   // Check varargs.
|   test_varargs ("s, d' f .", "string", 65, 34.234);
|   test_varargs_macros ();
| 
|   // Check flexible array members.
|   struct incomplete_array *ia =
|     malloc (sizeof (struct incomplete_array) + (sizeof (double) * 10));
|   ia->datasize = 10;
|   for (int i = 0; i < ia->datasize; ++i)
|     ia->data[i] = i * 1.234;
| 
|   // Check named initializers.
|   struct named_init ni = {
|     .number = 34,
|     .name = L"Test wide string",
|     .average = 543.34343,
|   };
| 
|   ni.number = 58;
| 
|   int dynamic_array[ni.number];
|   dynamic_array[ni.number - 1] = 543;
| 
|   // work around unused variable warnings
|   return (!success || bignum == 0LL || ubignum == 0uLL || newvar[0] == 'x'
| 	  || dynamic_array[ni.number - 1] != 543);
| 
|   ;
|   return 0;
| }
configure:5356: g++ -c   conftest.cpp >&5
conftest.cpp:76:29: error: expected ',' or '...' before 'text'
conftest.cpp: In function 'int test_restrict(ccp)':
conftest.cpp:81:30: error: 'text' was not declared in this scope
conftest.cpp: In function 'int main()':
conftest.cpp:130:18: error: expected initializer before 'newvar'
conftest.cpp:138:70: error: invalid conversion from 'void*' to 'incomplete_array*' [-fpermissive]
conftest.cpp:145:5: error: expected primary-expression before '.' token
conftest.cpp:146:5: error: expected primary-expression before '.' token
conftest.cpp:147:5: error: expected primary-expression before '.' token
conftest.cpp:156:59: error: 'newvar' was not declared in this scope
configure:5356: $? = 1
configure: failed program was:
| /* confdefs.h */
| #define PACKAGE_NAME "graph-tool"
| #define PACKAGE_TARNAME "graph-tool"
| #define PACKAGE_VERSION "2.2.21"
| #define PACKAGE_STRING "graph-tool 2.2.21"
| #define PACKAGE_BUGREPORT "http://graph-tool.skewed.de"
| #define PACKAGE_URL ""
| #define PACKAGE "graph-tool"
| #define VERSION "2.2.21"
| #define STDC_HEADERS 1
| #define HAVE_SYS_TYPES_H 1
| #define HAVE_SYS_STAT_H 1
| #define HAVE_STDLIB_H 1
| #define HAVE_STRING_H 1
| #define HAVE_MEMORY_H 1
| #define HAVE_STRINGS_H 1
| #define HAVE_INTTYPES_H 1
| #define HAVE_STDINT_H 1
| #define HAVE_UNISTD_H 1
| #define __EXTENSIONS__ 1
| #define _ALL_SOURCE 1
| #define _GNU_SOURCE 1
| #define _POSIX_PTHREAD_SEMANTICS 1
| #define _TANDEM_SOURCE 1
| /* end confdefs.h.  */
| #include <stdarg.h>
| #include <stdbool.h>
| #include <stdlib.h>
| #include <wchar.h>
| #include <stdio.h>
| 
| // Check varargs macros.  These examples are taken from C99 6.10.3.5.
| #define debug(...) fprintf (stderr, __VA_ARGS__)
| #define showlist(...) puts (#__VA_ARGS__)
| #define report(test,...) ((test) ? puts (#test) : printf (__VA_ARGS__))
| static void
| test_varargs_macros (void)
| {
|   int x = 1234;
|   int y = 5678;
|   debug ("Flag");
|   debug ("X = %d\n", x);
|   showlist (The first, second, and third items.);
|   report (x>y, "x is %d but y is %d", x, y);
| }
| 
| // Check long long types.
| #define BIG64 18446744073709551615ull
| #define BIG32 4294967295ul
| #define BIG_OK (BIG64 / BIG32 == 4294967297ull && BIG64 % BIG32 == 0)
| #if !BIG_OK
|   your preprocessor is broken;
| #endif
| #if BIG_OK
| #else
|   your preprocessor is broken;
| #endif
| static long long int bignum = -9223372036854775807LL;
| static unsigned long long int ubignum = BIG64;
| 
| struct incomplete_array
| {
|   int datasize;
|   double data[];
| };
| 
| struct named_init {
|   int number;
|   const wchar_t *name;
|   double average;
| };
| 
| typedef const char *ccp;
| 
| static inline int
| test_restrict (ccp restrict text)
| {
|   // See if C++-style comments work.
|   // Iterate through items via the restricted pointer.
|   // Also check for declarations in for loops.
|   for (unsigned int i = 0; *(text+i) != '\0'; ++i)
|     continue;
|   return 0;
| }
| 
| // Check varargs and va_copy.
| static void
| test_varargs (const char *format, ...)
| {
|   va_list args;
|   va_start (args, format);
|   va_list args_copy;
|   va_copy (args_copy, args);
| 
|   const char *str;
|   int number;
|   float fnumber;
| 
|   while (*format)
|     {
|       switch (*format++)
| 	{
| 	case 's': // string
| 	  str = va_arg (args_copy, const char *);
| 	  break;
| 	case 'd': // int
| 	  number = va_arg (args_copy, int);
| 	  break;
| 	case 'f': // float
| 	  fnumber = va_arg (args_copy, double);
| 	  break;
| 	default:
| 	  break;
| 	}
|     }
|   va_end (args_copy);
|   va_end (args);
| }
| 
| int
| main ()
| {
| 
|   // Check bool.
|   _Bool success = false;
| 
|   // Check restrict.
|   if (test_restrict ("String literal") == 0)
|     success = true;
|   char *restrict newvar = "Another string";
| 
|   // Check varargs.
|   test_varargs ("s, d' f .", "string", 65, 34.234);
|   test_varargs_macros ();
| 
|   // Check flexible array members.
|   struct incomplete_array *ia =
|     malloc (sizeof (struct incomplete_array) + (sizeof (double) * 10));
|   ia->datasize = 10;
|   for (int i = 0; i < ia->datasize; ++i)
|     ia->data[i] = i * 1.234;
| 
|   // Check named initializers.
|   struct named_init ni = {
|     .number = 34,
|     .name = L"Test wide string",
|     .average = 543.34343,
|   };
| 
|   ni.number = 58;
| 
|   int dynamic_array[ni.number];
|   dynamic_array[ni.number - 1] = 543;
| 
|   // work around unused variable warnings
|   return (!success || bignum == 0LL || ubignum == 0uLL || newvar[0] == 'x'
| 	  || dynamic_array[ni.number - 1] != 543);
| 
|   ;
|   return 0;
| }
configure:5372: result: unsupported
configure:5382: checking for gcc option to accept ISO C89
configure:5458: result: none needed
configure:5477: checking for gcc option to accept ISO Standard C
configure:5488: result: none needed
configure:5501: checking how to run the C++ preprocessor
configure:5528: g++ -E  conftest.cpp
configure:5528: $? = 0
configure:5542: g++ -E  conftest.cpp
conftest.cpp:26:28: fatal error: ac_nonexistent.h: No such file or directory
compilation terminated.
configure:5542: $? = 1
configure: failed program was:
| /* confdefs.h */
| #define PACKAGE_NAME "graph-tool"
| #define PACKAGE_TARNAME "graph-tool"
| #define PACKAGE_VERSION "2.2.21"
| #define PACKAGE_STRING "graph-tool 2.2.21"
| #define PACKAGE_BUGREPORT "http://graph-tool.skewed.de"
| #define PACKAGE_URL ""
| #define PACKAGE "graph-tool"
| #define VERSION "2.2.21"
| #define STDC_HEADERS 1
| #define HAVE_SYS_TYPES_H 1
| #define HAVE_SYS_STAT_H 1
| #define HAVE_STDLIB_H 1
| #define HAVE_STRING_H 1
| #define HAVE_MEMORY_H 1
| #define HAVE_STRINGS_H 1
| #define HAVE_INTTYPES_H 1
| #define HAVE_STDINT_H 1
| #define HAVE_UNISTD_H 1
| #define __EXTENSIONS__ 1
| #define _ALL_SOURCE 1
| #define _GNU_SOURCE 1
| #define _POSIX_PTHREAD_SEMANTICS 1
| #define _TANDEM_SOURCE 1
| /* end confdefs.h.  */
| #include <ac_nonexistent.h>
configure:5567: result: g++ -E
configure:5587: g++ -E  conftest.cpp
configure:5587: $? = 0
configure:5601: g++ -E  conftest.cpp
conftest.cpp:26:28: fatal error: ac_nonexistent.h: No such file or directory
compilation terminated.
configure:5601: $? = 1
configure: failed program was:
| /* confdefs.h */
| #define PACKAGE_NAME "graph-tool"
| #define PACKAGE_TARNAME "graph-tool"
| #define PACKAGE_VERSION "2.2.21"
| #define PACKAGE_STRING "graph-tool 2.2.21"
| #define PACKAGE_BUGREPORT "http://graph-tool.skewed.de"
| #define PACKAGE_URL ""
| #define PACKAGE "graph-tool"
| #define VERSION "2.2.21"
| #define STDC_HEADERS 1
| #define HAVE_SYS_TYPES_H 1
| #define HAVE_SYS_STAT_H 1
| #define HAVE_STDLIB_H 1
| #define HAVE_STRING_H 1
| #define HAVE_MEMORY_H 1
| #define HAVE_STRINGS_H 1
| #define HAVE_INTTYPES_H 1
| #define HAVE_STDINT_H 1
| #define HAVE_UNISTD_H 1
| #define __EXTENSIONS__ 1
| #define _ALL_SOURCE 1
| #define _GNU_SOURCE 1
| #define _POSIX_PTHREAD_SEMANTICS 1
| #define _TANDEM_SOURCE 1
| /* end confdefs.h.  */
| #include <ac_nonexistent.h>
configure:5630: checking for ANSI C header files
configure:5734: result: yes
configure:5802: checking build system type
configure:5816: result: x86_64-unknown-linux-gnu
configure:5836: checking host system type
configure:5849: result: x86_64-unknown-linux-gnu
configure:5890: checking how to print strings
configure:5917: result: printf
configure:5938: checking for a sed that does not truncate output
configure:6002: result: /bin/sed
configure:6020: checking for fgrep
configure:6082: result: /bin/grep -F
configure:6117: checking for ld used by gcc
configure:6184: result: /usr/bin/ld
configure:6191: checking if the linker (/usr/bin/ld) is GNU ld
configure:6206: result: yes
configure:6218: checking for BSD- or MS-compatible name lister (nm)
configure:6267: result: /usr/bin/nm -B
configure:6397: checking the name lister (/usr/bin/nm -B) interface
configure:6404: g++ -c   conftest.cpp >&5
configure:6407: /usr/bin/nm -B "conftest.o"
configure:6410: output
0000000000000000 B some_variable
configure:6417: result: BSD nm
configure:6420: checking whether ln -s works
configure:6424: result: yes
configure:6432: checking the maximum length of command line arguments
configure:6562: result: 1572864
configure:6579: checking whether the shell understands some XSI constructs
configure:6589: result: yes
configure:6593: checking whether the shell understands "+="
configure:6599: result: yes
configure:6634: checking how to convert x86_64-unknown-linux-gnu file names to x86_64-unknown-linux-gnu format
configure:6674: result: func_convert_file_noop
configure:6681: checking how to convert x86_64-unknown-linux-gnu file names to toolchain format
configure:6701: result: func_convert_file_noop
configure:6708: checking for /usr/bin/ld option to reload object files
configure:6715: result: -r
configure:6789: checking for objdump
configure:6805: found /usr/bin/objdump
configure:6816: result: objdump
configure:6848: checking how to recognize dependent libraries
configure:7050: result: pass_all
configure:7135: checking for dlltool
configure:7165: result: no
configure:7195: checking how to associate runtime and link libraries
configure:7222: result: printf %s\n
configure:7282: checking for ar
configure:7298: found /usr/bin/ar
configure:7309: result: ar
configure:7346: checking for archiver @FILE support
configure:7363: g++ -c   conftest.cpp >&5
configure:7363: $? = 0
configure:7366: ar cru libconftest.a @conftest.lst >&5
configure:7369: $? = 0
configure:7374: ar cru libconftest.a @conftest.lst >&5
ar: conftest.o: No such file or directory
configure:7377: $? = 1
configure:7389: result: @
configure:7447: checking for strip
configure:7463: found /usr/bin/strip
configure:7474: result: strip
configure:7546: checking for ranlib
configure:7562: found /usr/bin/ranlib
configure:7573: result: ranlib
configure:7675: checking command to parse /usr/bin/nm -B output from gcc object
configure:7795: g++ -c   conftest.cpp >&5
configure:7798: $? = 0
configure:7802: /usr/bin/nm -B conftest.o \| sed -n -e 's/^.*[ ]\([ABCDGIRSTW][ABCDGIRSTW]*\)[ ][ ]*\([_A-Za-z][_A-Za-z0-9]*\)$/\1 \2 \2/p' | sed '/ __gnu_lto/d' \> conftest.nm
configure:7805: $? = 0
configure:7871: g++ -o conftest    conftest.cpp conftstm.o >&5
configure:7874: $? = 0
configure:7912: result: ok
configure:7949: checking for sysroot
configure:7979: result: no
configure:8056: g++ -c   conftest.cpp >&5
configure:8059: $? = 0
configure:8235: checking for mt
configure:8251: found /bin/mt
configure:8262: result: mt
configure:8285: checking if mt is a manifest tool
configure:8291: mt '-?'
configure:8299: result: no
configure:8938: checking for dlfcn.h
configure:8938: g++ -c   conftest.cpp >&5
configure:8938: $? = 0
configure:8938: result: yes
configure:9124: checking for objdir
configure:9139: result: .libs
configure:9406: checking if gcc supports -fno-rtti -fno-exceptions
configure:9424: gcc -c -g -O2  -fno-rtti -fno-exceptions conftest.c >&5
cc1: warning: command line option '-fno-rtti' is valid for C++/ObjC++ but not for C [enabled by default]
configure:9428: $? = 0
configure:9441: result: no
configure:9768: checking for gcc option to produce PIC
configure:9775: result: -fPIC -DPIC
configure:9783: checking if gcc PIC flag -fPIC -DPIC works
configure:9801: gcc -c -g -O2  -fPIC -DPIC -DPIC conftest.c >&5
configure:9805: $? = 0
configure:9818: result: yes
configure:9847: checking if gcc static flag -static works
configure:9875: result: yes
configure:9890: checking if gcc supports -c -o file.o
configure:9911: gcc -c -g -O2  -o out/conftest2.o conftest.c >&5
configure:9915: $? = 0
configure:9937: result: yes
configure:9945: checking if gcc supports -c -o file.o
configure:9992: result: yes
configure:10025: checking whether the gcc linker (/usr/bin/ld -m elf_x86_64) supports shared libraries
configure:11178: result: yes
configure:11215: checking whether -lc should be explicitly linked in
configure:11223: gcc -c -g -O2  conftest.c >&5
configure:11226: $? = 0
configure:11241: gcc -shared  -fPIC -DPIC conftest.o  -v -Wl,-soname -Wl,conftest -o conftest 2\>\&1 \| /bin/grep  -lc  \>/dev/null 2\>\&1
configure:11244: $? = 0
configure:11258: result: no
configure:11418: checking dynamic linker characteristics
configure:11942: gcc -o conftest -g -O2   -Wl,-rpath -Wl,/foo conftest.c  >&5
configure:11942: $? = 0
configure:12164: result: GNU/Linux ld.so
configure:12271: checking how to hardcode library paths into programs
configure:12296: result: immediate
configure:12836: checking whether stripping libraries is possible
configure:12841: result: yes
configure:12876: checking if libtool supports shared libraries
configure:12878: result: yes
configure:12881: checking whether to build shared libraries
configure:12902: result: yes
configure:12905: checking whether to build static libraries
configure:12909: result: no
configure:12932: checking how to run the C++ preprocessor
configure:12998: result: g++ -E
configure:13018: g++ -E  conftest.cpp
configure:13018: $? = 0
configure:13032: g++ -E  conftest.cpp
conftest.cpp:29:28: fatal error: ac_nonexistent.h: No such file or directory
compilation terminated.
configure:13032: $? = 1
configure: failed program was:
| /* confdefs.h */
| #define PACKAGE_NAME "graph-tool"
| #define PACKAGE_TARNAME "graph-tool"
| #define PACKAGE_VERSION "2.2.21"
| #define PACKAGE_STRING "graph-tool 2.2.21"
| #define PACKAGE_BUGREPORT "http://graph-tool.skewed.de"
| #define PACKAGE_URL ""
| #define PACKAGE "graph-tool"
| #define VERSION "2.2.21"
| #define STDC_HEADERS 1
| #define HAVE_SYS_TYPES_H 1
| #define HAVE_SYS_STAT_H 1
| #define HAVE_STDLIB_H 1
| #define HAVE_STRING_H 1
| #define HAVE_MEMORY_H 1
| #define HAVE_STRINGS_H 1
| #define HAVE_INTTYPES_H 1
| #define HAVE_STDINT_H 1
| #define HAVE_UNISTD_H 1
| #define __EXTENSIONS__ 1
| #define _ALL_SOURCE 1
| #define _GNU_SOURCE 1
| #define _POSIX_PTHREAD_SEMANTICS 1
| #define _TANDEM_SOURCE 1
| #define STDC_HEADERS 1
| #define HAVE_DLFCN_H 1
| #define LT_OBJDIR ".libs/"
| /* end confdefs.h.  */
| #include <ac_nonexistent.h>
configure:13201: checking for ld used by g++
configure:13268: result: /usr/bin/ld -m elf_x86_64
configure:13275: checking if the linker (/usr/bin/ld -m elf_x86_64) is GNU ld
configure:13290: result: yes
configure:13345: checking whether the g++ linker (/usr/bin/ld -m elf_x86_64) supports shared libraries
configure:14350: result: yes
configure:14386: g++ -c   conftest.cpp >&5
configure:14389: $? = 0
configure:14909: checking for g++ option to produce PIC
configure:14916: result: -fPIC -DPIC
configure:14924: checking if g++ PIC flag -fPIC -DPIC works
configure:14942: g++ -c   -fPIC -DPIC -DPIC conftest.cpp >&5
configure:14946: $? = 0
configure:14959: result: yes
configure:14982: checking if g++ static flag -static works
configure:15010: result: yes
configure:15022: checking if g++ supports -c -o file.o
configure:15043: g++ -c   -o out/conftest2.o conftest.cpp >&5
configure:15047: $? = 0
configure:15069: result: yes
configure:15074: checking if g++ supports -c -o file.o
configure:15121: result: yes
configure:15151: checking whether the g++ linker (/usr/bin/ld -m elf_x86_64) supports shared libraries
configure:15187: result: yes
configure:15328: checking dynamic linker characteristics
configure:16008: result: GNU/Linux ld.so
configure:16061: checking how to hardcode library paths into programs
configure:16086: result: immediate
configure:16148: checking target system type
configure:16161: result: x86_64-unknown-linux-gnu
configure:16191: checking whether to enable debug info...
configure:16209: result: no
configure:16219: checking whether to enable function inlining...
configure:16239: result: yes
configure:16254: checking whether to enable optimizations...
configure:16270: result: yes
configure:16276: checking whether to enable symbol visibility manipulation...
configure:16292: result: yes
configure:16300: checking whether to enable graph filtering...
configure:16317: result: yes
configure:16325: checking whether to enable parallel algorithms with openmp...
configure:16346: result: no
configure:16354: checking whether to enable cairo drawing...
configure:16368: result: yes
configure:16380: checking for main in -lm
configure:16399: g++ -o conftest  -Wall -ftemplate-depth-150 -Wno-deprecated -Wno-unknown-pragmas -O3 -fvisibility=default -fvisibility-inlines-hidden -Wno-unknown-pragmas   conftest.cpp -lm   >&5
configure:16399: $? = 0
configure:16408: result: yes
configure:16420: checking for main in -lbz2
configure:16439: g++ -o conftest  -Wall -ftemplate-depth-150 -Wno-deprecated -Wno-unknown-pragmas -O3 -fvisibility=default -fvisibility-inlines-hidden -Wno-unknown-pragmas   conftest.cpp -lbz2  -lm  >&5
/usr/bin/ld: cannot find -lbz2
collect2: ld returned 1 exit status
configure:16439: $? = 1
configure: failed program was:
| /* confdefs.h */
| #define PACKAGE_NAME "graph-tool"
| #define PACKAGE_TARNAME "graph-tool"
| #define PACKAGE_VERSION "2.2.21"
| #define PACKAGE_STRING "graph-tool 2.2.21"
| #define PACKAGE_BUGREPORT "http://graph-tool.skewed.de"
| #define PACKAGE_URL ""
| #define PACKAGE "graph-tool"
| #define VERSION "2.2.21"
| #define STDC_HEADERS 1
| #define HAVE_SYS_TYPES_H 1
| #define HAVE_SYS_STAT_H 1
| #define HAVE_STDLIB_H 1
| #define HAVE_STRING_H 1
| #define HAVE_MEMORY_H 1
| #define HAVE_STRINGS_H 1
| #define HAVE_INTTYPES_H 1
| #define HAVE_STDINT_H 1
| #define HAVE_UNISTD_H 1
| #define __EXTENSIONS__ 1
| #define _ALL_SOURCE 1
| #define _GNU_SOURCE 1
| #define _POSIX_PTHREAD_SEMANTICS 1
| #define _TANDEM_SOURCE 1
| #define STDC_HEADERS 1
| #define HAVE_DLFCN_H 1
| #define LT_OBJDIR ".libs/"
| #define HAVE_LIBM 1
| /* end confdefs.h.  */
| 
| 
| int
| main ()
| {
| return main ();
|   ;
|   return 0;
| }
configure:16448: result: no
configure:16460: checking for main in -lexpat
configure:16479: g++ -o conftest  -Wall -ftemplate-depth-150 -Wno-deprecated -Wno-unknown-pragmas -O3 -fvisibility=default -fvisibility-inlines-hidden -Wno-unknown-pragmas   conftest.cpp -lexpat  -lm  >&5
configure:16479: $? = 0
configure:16488: result: yes
configure:16538: checking for a Python interpreter with version >= 2.6
configure:16555: python -c import sys # split strings by '.' and convert to numeric. Append some zeros # because we need at least 4 digits for the hex conversion. # map returns an iterator in Python 3.0 and a list in 2.x minver = list(map(int, '2.6'.split('.'))) + [0, 0, 0] minverhex = 0 # xrange is not present in Python 3.0 and range returns an iterator for i in list(range(0, 4)): minverhex = (minverhex << 8) + minver[i] sys.exit(sys.hexversion < minverhex)
configure:16558: $? = 0
configure:16564: result: python
configure:16572: checking for python
configure:16590: found /usr/bin/python
configure:16602: result: /usr/bin/python
configure:16620: checking for python version
configure:16627: result: 2.7
configure:16639: checking for python platform
configure:16646: result: linux2
configure:16672: checking for python script directory
configure:16707: result: ${prefix}/lib/python2.7/dist-packages
configure:16716: checking for python extension module directory
configure:16751: result: ${exec_prefix}/lib/python2.7/dist-packages
configure:16776: checking for python2.7
configure:16806: result: /usr/bin/python
configure:16822: checking for a version of Python >= '2.1.0'
configure:16848: result: yes
configure:16856: checking for a version of Python == '2.7.3'
configure:16862: result: yes
configure:16879: checking for the distutils Python package
configure:16883: result: yes
configure:16897: checking for Python include path
configure:16907: result: -I/usr/include/python2.7
configure:16914: checking for Python library path
configure:16999: result: -L/usr/lib -lpython2.7
configure:17006: checking for Python site-packages path
configure:17012: result: /usr/lib/python2.7/dist-packages
configure:17019: checking python extra libraries
configure:17026: result: -lssl -lcrypto  -lssl -lcrypto      -L/usr/lib -lz -lpthread -ldl  -lutil
configure:17033: checking python extra linking flags
configure:17040: result: -Xlinker -export-dynamic -Wl,-O1 -Wl,-Bsymbolic-functions
configure:17047: checking consistency of all components of python development environment
configure:17073: gcc -o conftest -g -O2  -I/usr/include/python2.7  conftest.c -lexpat -lm  -L/usr/lib -lpython2.7 -Xlinker -export-dynamic -Wl,-O1 -Wl,-Bsymbolic-functions -lssl -lcrypto  -lssl -lcrypto      -L/usr/lib -lz -lpthread -ldl  -lutil >&5
configure:17073: $? = 0
configure:17090: result: yes
configure:17184: checking for boostlib >= 1.38.0
configure:17238: g++ -c  -Wall -ftemplate-depth-150 -Wno-deprecated -Wno-unknown-pragmas -O3 -fvisibility=default -fvisibility-inlines-hidden -Wno-unknown-pragmas  -I/usr/include/python2.7 -I/usr/include conftest.cpp >&5
configure:17238: $? = 0
configure:17240: result: yes
configure:17374: checking whether the Boost::Python library is available
configure:17404: g++ -c  -Wall -ftemplate-depth-150 -Wno-deprecated -Wno-unknown-pragmas -O3 -fvisibility=default -fvisibility-inlines-hidden -Wno-unknown-pragmas  -I/usr/include/python2.7 conftest.cpp >&5
configure:17404: $? = 0
configure:17419: result: yes
configure:17437: checking for exit in -lboost_python
configure:17462: g++ -o conftest  -Wall -ftemplate-depth-150 -Wno-deprecated -Wno-unknown-pragmas -O3 -fvisibility=default -fvisibility-inlines-hidden -Wno-unknown-pragmas  -I/usr/include/python2.7  -L/usr/lib -lpython2.7 conftest.cpp -lboost_python  -lexpat -lm  >&5
configure:17462: $? = 0
configure:17472: result: yes
configure:17571: checking whether the Boost::Iostreams library is available
configure:17605: g++ -c  -Wall -ftemplate-depth-150 -Wno-deprecated -Wno-unknown-pragmas -O3 -fvisibility=default -fvisibility-inlines-hidden -Wno-unknown-pragmas  -I/usr/include/python2.7 conftest.cpp >&5
configure:17605: $? = 0
configure:17620: result: yes
configure:17638: checking for exit in -lboost_iostreams
configure:17663: g++ -o conftest  -Wall -ftemplate-depth-150 -Wno-deprecated -Wno-unknown-pragmas -O3 -fvisibility=default -fvisibility-inlines-hidden -Wno-unknown-pragmas  -I/usr/include/python2.7  -L/usr/lib -lpython2.7 conftest.cpp -lboost_iostreams  -lexpat -lm  >&5
configure:17663: $? = 0
configure:17673: result: yes
configure:17686: checking whether the Boost::Regex library is available
configure:17715: g++ -c  -Wall -ftemplate-depth-150 -Wno-deprecated -Wno-unknown-pragmas -O3 -fvisibility=default -fvisibility-inlines-hidden -Wno-unknown-pragmas  -I/usr/include/python2.7 conftest.cpp >&5
configure:17715: $? = 0
configure:17730: result: yes
configure:17748: checking for exit in -lboost_regex
configure:17773: g++ -o conftest  -Wall -ftemplate-depth-150 -Wno-deprecated -Wno-unknown-pragmas -O3 -fvisibility=default -fvisibility-inlines-hidden -Wno-unknown-pragmas  -I/usr/include/python2.7  -L/usr/lib -lpython2.7 conftest.cpp -lboost_regex  -lexpat -lm  >&5
configure:17773: $? = 0
configure:17783: result: yes
configure:17797: checking whether the Boost::Graph library is available
configure:17828: g++ -c  -Wall -ftemplate-depth-150 -Wno-deprecated -Wno-unknown-pragmas -O3 -fvisibility=default -fvisibility-inlines-hidden -Wno-unknown-pragmas  -I/usr/include/python2.7 conftest.cpp >&5
configure:17828: $? = 0
configure:17843: result: yes
configure:17861: checking for exit in -lboost_graph
configure:17886: g++ -o conftest  -Wall -ftemplate-depth-150 -Wno-deprecated -Wno-unknown-pragmas -O3 -fvisibility=default -fvisibility-inlines-hidden -Wno-unknown-pragmas  -I/usr/include/python2.7  -L/usr/lib -lpython2.7 conftest.cpp -lboost_graph  -lexpat -lm  >&5
configure:17886: $? = 0
configure:17896: result: yes
configure:17912: checking for main in -lCGAL
configure:17931: g++ -o conftest  -Wall -ftemplate-depth-150 -Wno-deprecated -Wno-unknown-pragmas -O3 -fvisibility=default -fvisibility-inlines-hidden -Wno-unknown-pragmas  -I/usr/include/python2.7 -I/usr/include  -L/usr/lib -lpython2.7 conftest.cpp -lCGAL  -lexpat -lm  >&5
configure:17931: $? = 0
configure:17940: result: yes
configure:17963: checking python module: numpy
configure:17968: result: yes
configure:17992: checking for /usr/lib/python2.7/dist-packages/numpy/core/include/numpy/arrayobject.h
configure:17992: g++ -c  -Wall -ftemplate-depth-150 -Wno-deprecated -Wno-unknown-pragmas -O3 -fvisibility=default -fvisibility-inlines-hidden -Wno-unknown-pragmas  -I/usr/include/python2.7 -I/usr/include conftest.cpp >&5
In file included from /usr/lib/python2.7/dist-packages/numpy/core/include/numpy/arrayobject.h:14:0,
                 from conftest.cpp:40:
/usr/lib/python2.7/dist-packages/numpy/core/include/numpy/__multiarray_api.h:1532:1: warning: 'int _import_array()' defined but not used [-Wunused-function]
configure:17992: $? = 0
configure:17992: result: yes
configure:18008: checking python module: scipy
configure:18013: result: yes
configure:18036: checking /usr/lib/python2.7/dist-packages/scipy/weave/scxx/object.h usability
configure:18036: g++ -c  -Wall -ftemplate-depth-150 -Wno-deprecated -Wno-unknown-pragmas -O3 -fvisibility=default -fvisibility-inlines-hidden -Wno-unknown-pragmas  -I/usr/include/python2.7 -I/usr/include -I/usr/lib/python2.7/dist-packages/numpy/core/include/numpy conftest.cpp >&5
In file included from /usr/include/python2.7/Python.h:8:0,
                 from /usr/lib/python2.7/dist-packages/scipy/weave/scxx/object.h:11,
                 from conftest.cpp:71:
/usr/include/python2.7/pyconfig.h:1161:0: warning: "_POSIX_C_SOURCE" redefined [enabled by default]
/usr/include/features.h:164:0: note: this is the location of the previous definition
/usr/include/python2.7/pyconfig.h:1183:0: warning: "_XOPEN_SOURCE" redefined [enabled by default]
/usr/include/features.h:166:0: note: this is the location of the previous definition
configure:18036: $? = 0
configure:18036: result: yes
configure:18036: checking /usr/lib/python2.7/dist-packages/scipy/weave/scxx/object.h presence
configure:18036: g++ -E  -I/usr/include/python2.7 -I/usr/include -I/usr/lib/python2.7/dist-packages/numpy/core/include/numpy conftest.cpp
configure:18036: $? = 0
configure:18036: result: yes
configure:18036: checking for /usr/lib/python2.7/dist-packages/scipy/weave/scxx/object.h
configure:18036: result: yes
configure:18049: checking expat.h usability
configure:18049: g++ -c  -Wall -ftemplate-depth-150 -Wno-deprecated -Wno-unknown-pragmas -O3 -fvisibility=default -fvisibility-inlines-hidden -Wno-unknown-pragmas  -I/usr/include/python2.7 -I/usr/include -I/usr/lib/python2.7/dist-packages/numpy/core/include/numpy -I/usr/lib/python2.7/dist-packages/scipy conftest.cpp >&5
configure:18049: $? = 0
configure:18049: result: yes
configure:18049: checking expat.h presence
configure:18049: g++ -E  -I/usr/include/python2.7 -I/usr/include -I/usr/lib/python2.7/dist-packages/numpy/core/include/numpy -I/usr/lib/python2.7/dist-packages/scipy conftest.cpp
configure:18049: $? = 0
configure:18049: result: yes
configure:18049: checking for expat.h
configure:18049: result: yes
configure:18058: checking CGAL/version.h usability
configure:18058: g++ -c  -Wall -ftemplate-depth-150 -Wno-deprecated -Wno-unknown-pragmas -O3 -fvisibility=default -fvisibility-inlines-hidden -Wno-unknown-pragmas  -I/usr/include/python2.7 -I/usr/include -I/usr/lib/python2.7/dist-packages/numpy/core/include/numpy -I/usr/lib/python2.7/dist-packages/scipy conftest.cpp >&5
configure:18058: $? = 0
configure:18058: result: yes
configure:18058: checking CGAL/version.h presence
configure:18058: g++ -E  -I/usr/include/python2.7 -I/usr/include -I/usr/lib/python2.7/dist-packages/numpy/core/include/numpy -I/usr/lib/python2.7/dist-packages/scipy conftest.cpp
configure:18058: $? = 0
configure:18058: result: yes
configure:18058: checking for CGAL/version.h
configure:18058: result: yes
configure:18123: checking for pkg-config
configure:18141: found /usr/bin/pkg-config
configure:18153: result: /usr/bin/pkg-config
configure:18178: checking pkg-config is at least version 0.9.0
configure:18181: result: yes
configure:18191: checking for CAIROMM
configure:18198: $PKG_CONFIG --exists --print-errors "cairomm-1.0"
configure:18201: $? = 0
configure:18215: $PKG_CONFIG --exists --print-errors "cairomm-1.0"
configure:18218: $? = 0
configure:18276: result: yes
configure:18290: checking python module: cairo
configure:18295: result: yes
configure:18314: checking pycairo/pycairo.h usability
configure:18314: g++ -c  -Wall -ftemplate-depth-150 -Wno-deprecated -Wno-unknown-pragmas -O3 -fvisibility=default -fvisibility-inlines-hidden -Wno-unknown-pragmas -I/usr/include/cairomm-1.0 -I/usr/lib/x86_64-linux-gnu/cairomm-1.0/include -I/usr/include/cairo -I/usr/include/sigc++-2.0 -I/usr/lib/x86_64-linux-gnu/sigc++-2.0/include -I/usr/include/glib-2.0 -I/usr/lib/x86_64-linux-gnu/glib-2.0/include -I/usr/include/pixman-1 -I/usr/include/freetype2 -I/usr/include/libpng12    -I/usr/include/python2.7 -I/usr/include -I/usr/lib/python2.7/dist-packages/numpy/core/include/numpy -I/usr/lib/python2.7/dist-packages/scipy -I/usr/include/cairomm-1.0 -I/usr/lib/x86_64-linux-gnu/cairomm-1.0/include -I/usr/include/cairo -I/usr/include/sigc++-2.0 -I/usr/lib/x86_64-linux-gnu/sigc++-2.0/include -I/usr/include/glib-2.0 -I/usr/lib/x86_64-linux-gnu/glib-2.0/include -I/usr/include/pixman-1 -I/usr/include/freetype2 -I/usr/include/libpng12   conftest.cpp >&5
configure:18314: $? = 0
configure:18314: result: yes
configure:18314: checking pycairo/pycairo.h presence
configure:18314: g++ -E  -I/usr/include/python2.7 -I/usr/include -I/usr/lib/python2.7/dist-packages/numpy/core/include/numpy -I/usr/lib/python2.7/dist-packages/scipy -I/usr/include/cairomm-1.0 -I/usr/lib/x86_64-linux-gnu/cairomm-1.0/include -I/usr/include/cairo -I/usr/include/sigc++-2.0 -I/usr/lib/x86_64-linux-gnu/sigc++-2.0/include -I/usr/include/glib-2.0 -I/usr/lib/x86_64-linux-gnu/glib-2.0/include -I/usr/include/pixman-1 -I/usr/include/freetype2 -I/usr/include/libpng12   conftest.cpp
configure:18314: $? = 0
configure:18314: result: yes
configure:18314: checking for pycairo/pycairo.h
configure:18314: result: yes
configure:18327: checking dense_hash_set usability
configure:18327: g++ -c  -Wall -ftemplate-depth-150 -Wno-deprecated -Wno-unknown-pragmas -O3 -fvisibility=default -fvisibility-inlines-hidden -Wno-unknown-pragmas  -I/usr/include/python2.7 -I/usr/include -I/usr/lib/python2.7/dist-packages/numpy/core/include/numpy -I/usr/lib/python2.7/dist-packages/scipy -I/usr/include/sparsehash -I/usr/include/google conftest.cpp >&5
configure:18327: $? = 0
configure:18327: result: yes
configure:18327: checking dense_hash_set presence
configure:18327: g++ -E  -I/usr/include/python2.7 -I/usr/include -I/usr/lib/python2.7/dist-packages/numpy/core/include/numpy -I/usr/lib/python2.7/dist-packages/scipy -I/usr/include/sparsehash -I/usr/include/google conftest.cpp
configure:18327: $? = 0
configure:18327: result: yes
configure:18327: checking for dense_hash_set
configure:18327: result: yes
configure:18575: checking that generated files are newer than configure
configure:18581: result: done
configure:18612: creating ./config.status

## ---------------------- ##
## Running config.status. ##
## ---------------------- ##

This file was extended by graph-tool config.status 2.2.21, which was
generated by GNU Autoconf 2.69.  Invocation command line was

  CONFIG_FILES    = 
  CONFIG_HEADERS  = 
  CONFIG_LINKS    = 
  CONFIG_COMMANDS = 
  $ ./config.status 

on ip-10-157-53-55

config.status:1240: creating Makefile
config.status:1240: creating src/Makefile
config.status:1240: creating src/graph/Makefile
config.status:1240: creating src/graph/correlations/Makefile
config.status:1240: creating src/graph/generation/Makefile
config.status:1240: creating src/graph/stats/Makefile
config.status:1240: creating src/graph/centrality/Makefile
config.status:1240: creating src/graph/clustering/Makefile
config.status:1240: creating src/graph/community/Makefile
config.status:1240: creating src/graph/util/Makefile
config.status:1240: creating src/graph/topology/Makefile
config.status:1240: creating src/graph/flow/Makefile
config.status:1240: creating src/graph/layout/Makefile
config.status:1240: creating src/graph/search/Makefile
config.status:1240: creating src/graph/draw/Makefile
config.status:1240: creating src/graph_tool/Makefile
config.status:1240: creating config.h
config.status:1469: executing depfiles commands
config.status:1469: executing libtool commands
configure:21122: Modifying libtool to correctly link libstdc++ before anything else...

## ---------------- ##
## Cache variables. ##
## ---------------- ##

ac_cv_boost_graph=yes
ac_cv_boost_iostreams=yes
ac_cv_boost_python=yes
ac_cv_boost_regex=yes
ac_cv_build=x86_64-unknown-linux-gnu
ac_cv_c_compiler_gnu=yes
ac_cv_cxx_compiler_gnu=yes
ac_cv_env_CAIROMM_CFLAGS_set=
ac_cv_env_CAIROMM_CFLAGS_value=
ac_cv_env_CAIROMM_LIBS_set=
ac_cv_env_CAIROMM_LIBS_value=
ac_cv_env_CCC_set=
ac_cv_env_CCC_value=
ac_cv_env_CC_set=
ac_cv_env_CC_value=
ac_cv_env_CFLAGS_set=
ac_cv_env_CFLAGS_value=
ac_cv_env_CPPFLAGS_set=
ac_cv_env_CPPFLAGS_value=
ac_cv_env_CPP_set=
ac_cv_env_CPP_value=
ac_cv_env_CXXCPP_set=
ac_cv_env_CXXCPP_value=
ac_cv_env_CXXFLAGS_set=
ac_cv_env_CXXFLAGS_value=
ac_cv_env_CXX_set=
ac_cv_env_CXX_value=
ac_cv_env_LDFLAGS_set=
ac_cv_env_LDFLAGS_value=
ac_cv_env_LIBS_set=
ac_cv_env_LIBS_value=
ac_cv_env_PKG_CONFIG_LIBDIR_set=
ac_cv_env_PKG_CONFIG_LIBDIR_value=
ac_cv_env_PKG_CONFIG_PATH_set=
ac_cv_env_PKG_CONFIG_PATH_value=
ac_cv_env_PKG_CONFIG_set=
ac_cv_env_PKG_CONFIG_value=
ac_cv_env_PYTHON_VERSION_set=
ac_cv_env_PYTHON_VERSION_value=
ac_cv_env_PYTHON_set=
ac_cv_env_PYTHON_value=
ac_cv_env_build_alias_set=
ac_cv_env_build_alias_value=
ac_cv_env_host_alias_set=
ac_cv_env_host_alias_value=
ac_cv_env_target_alias_set=
ac_cv_env_target_alias_value=
ac_cv_header_CGAL_version_h=yes
ac_cv_header__usr_lib_python2_7_dist_packages_numpy_core_include_numpy_arrayobject_h=yes
ac_cv_header__usr_lib_python2_7_dist_packages_scipy_weave_scxx_object_h=yes
ac_cv_header_dense_hash_set=yes
ac_cv_header_dlfcn_h=yes
ac_cv_header_expat_h=yes
ac_cv_header_inttypes_h=yes
ac_cv_header_memory_h=yes
ac_cv_header_minix_config_h=no
ac_cv_header_pycairo_pycairo_h=yes
ac_cv_header_stdc=yes
ac_cv_header_stdint_h=yes
ac_cv_header_stdlib_h=yes
ac_cv_header_string_h=yes
ac_cv_header_strings_h=yes
ac_cv_header_sys_stat_h=yes
ac_cv_header_sys_types_h=yes
ac_cv_header_unistd_h=yes
ac_cv_host=x86_64-unknown-linux-gnu
ac_cv_lib_CGAL_main=yes
ac_cv_lib_boost_graph___exit=yes
ac_cv_lib_boost_iostreams___exit=yes
ac_cv_lib_boost_python___exit=yes
ac_cv_lib_boost_regex___exit=yes
ac_cv_lib_bz2_main=no
ac_cv_lib_expat_main=yes
ac_cv_lib_m_main=yes
ac_cv_objext=o
ac_cv_path_EGREP='/bin/grep -E'
ac_cv_path_FGREP='/bin/grep -F'
ac_cv_path_GREP=/bin/grep
ac_cv_path_PYTHON=/usr/bin/python
ac_cv_path_SED=/bin/sed
ac_cv_path_ac_pt_PKG_CONFIG=/usr/bin/pkg-config
ac_cv_path_install='/usr/bin/install -c'
ac_cv_path_mkdir=/bin/mkdir
ac_cv_prog_AWK=mawk
ac_cv_prog_CPP='gcc -E'
ac_cv_prog_CXXCPP='g++ -E'
ac_cv_prog_ac_ct_AR=ar
ac_cv_prog_ac_ct_CC=gcc
ac_cv_prog_ac_ct_CXX=g++
ac_cv_prog_ac_ct_MANIFEST_TOOL=mt
ac_cv_prog_ac_ct_OBJDUMP=objdump
ac_cv_prog_ac_ct_RANLIB=ranlib
ac_cv_prog_ac_ct_STRIP=strip
ac_cv_prog_cc_c89=
ac_cv_prog_cc_c99=no
ac_cv_prog_cc_g=yes
ac_cv_prog_cc_gcc_c_o=yes
ac_cv_prog_cc_stdc=
ac_cv_prog_cxx_g=yes
ac_cv_prog_make_make_set=yes
ac_cv_safe_to_define___extensions__=yes
ac_cv_search_strerror='none required'
ac_cv_target=x86_64-unknown-linux-gnu
am_cv_CC_dependencies_compiler_type=gcc3
am_cv_CXX_dependencies_compiler_type=gcc3
am_cv_make_support_nested_variables=yes
am_cv_pathless_PYTHON=python
am_cv_python_platform=linux2
am_cv_python_pyexecdir='${exec_prefix}/lib/python2.7/dist-packages'
am_cv_python_pythondir='${prefix}/lib/python2.7/dist-packages'
am_cv_python_version=2.7
lt_cv_ar_at_file=@
lt_cv_archive_cmds_need_lc=no
lt_cv_deplibs_check_method=pass_all
lt_cv_file_magic_cmd='$MAGIC_CMD'
lt_cv_file_magic_test_file=
lt_cv_ld_reload_flag=-r
lt_cv_nm_interface='BSD nm'
lt_cv_objdir=.libs
lt_cv_path_LD=/usr/bin/ld
lt_cv_path_LDCXX='/usr/bin/ld -m elf_x86_64'
lt_cv_path_NM='/usr/bin/nm -B'
lt_cv_path_mainfest_tool=no
lt_cv_prog_compiler_c_o=yes
lt_cv_prog_compiler_c_o_CXX=yes
lt_cv_prog_compiler_pic='-fPIC -DPIC'
lt_cv_prog_compiler_pic_CXX='-fPIC -DPIC'
lt_cv_prog_compiler_pic_works=yes
lt_cv_prog_compiler_pic_works_CXX=yes
lt_cv_prog_compiler_rtti_exceptions=no
lt_cv_prog_compiler_static_works=yes
lt_cv_prog_compiler_static_works_CXX=yes
lt_cv_prog_gnu_ld=yes
lt_cv_prog_gnu_ldcxx=yes
lt_cv_sharedlib_from_linklib_cmd='printf %s\n'
lt_cv_shlibpath_overrides_runpath=no
lt_cv_sys_global_symbol_pipe='sed -n -e '\''s/^.*[	 ]\([ABCDGIRSTW][ABCDGIRSTW]*\)[	 ][	 ]*\([_A-Za-z][_A-Za-z0-9]*\)$/\1 \2 \2/p'\'' | sed '\''/ __gnu_lto/d'\'''
lt_cv_sys_global_symbol_to_c_name_address='sed -n -e '\''s/^: \([^ ]*\)[ ]*$/  {\"\1\", (void *) 0},/p'\'' -e '\''s/^[ABCDGIRSTW]* \([^ ]*\) \([^ ]*\)$/  {"\2", (void *) \&\2},/p'\'''
lt_cv_sys_global_symbol_to_c_name_address_lib_prefix='sed -n -e '\''s/^: \([^ ]*\)[ ]*$/  {\"\1\", (void *) 0},/p'\'' -e '\''s/^[ABCDGIRSTW]* \([^ ]*\) \(lib[^ ]*\)$/  {"\2", (void *) \&\2},/p'\'' -e '\''s/^[ABCDGIRSTW]* \([^ ]*\) \([^ ]*\)$/  {"lib\2", (void *) \&\2},/p'\'''
lt_cv_sys_global_symbol_to_cdecl='sed -n -e '\''s/^T .* \(.*\)$/extern int \1();/p'\'' -e '\''s/^[ABCDGIRSTW]* .* \(.*\)$/extern char \1;/p'\'''
lt_cv_sys_max_cmd_len=1572864
lt_cv_to_host_file_cmd=func_convert_file_noop
lt_cv_to_tool_file_cmd=func_convert_file_noop
pkg_cv_CAIROMM_CFLAGS='-I/usr/include/cairomm-1.0 -I/usr/lib/x86_64-linux-gnu/cairomm-1.0/include -I/usr/include/cairo -I/usr/include/sigc++-2.0 -I/usr/lib/x86_64-linux-gnu/sigc++-2.0/include -I/usr/include/glib-2.0 -I/usr/lib/x86_64-linux-gnu/glib-2.0/include -I/usr/include/pixman-1 -I/usr/include/freetype2 -I/usr/include/libpng12  '
pkg_cv_CAIROMM_LIBS='-lcairomm-1.0 -lcairo -lsigc-2.0  '

## ----------------- ##
## Output variables. ##
## ----------------- ##

ACLOCAL='${SHELL} /home/santhosh/Dropbox/Thesis/code/lib/graph-tool/missing --run aclocal-1.12'
AMDEPBACKSLASH='\'
AMDEP_FALSE='#'
AMDEP_TRUE=''
AMTAR='$${TAR-tar}'
AM_BACKSLASH='\'
AM_DEFAULT_V='$(AM_DEFAULT_VERBOSITY)'
AM_DEFAULT_VERBOSITY='0'
AM_V='$(V)'
AR='ar'
AUTOCONF='${SHELL} /home/santhosh/Dropbox/Thesis/code/lib/graph-tool/missing --run autoconf'
AUTOHEADER='${SHELL} /home/santhosh/Dropbox/Thesis/code/lib/graph-tool/missing --run autoheader'
AUTOMAKE='${SHELL} /home/santhosh/Dropbox/Thesis/code/lib/graph-tool/missing --run automake-1.12'
AWK='mawk'
BOOST_CPPFLAGS='-I/usr/include'
BOOST_GRAPH_LIB='boost_graph'
BOOST_IOSTREAMS_LIB='boost_iostreams'
BOOST_LDFLAGS='-L/usr/lib'
BOOST_PYTHON_LIB='boost_python'
BOOST_REGEX_LIB='boost_regex'
CAIROMM_CFLAGS='-I/usr/include/cairomm-1.0 -I/usr/lib/x86_64-linux-gnu/cairomm-1.0/include -I/usr/include/cairo -I/usr/include/sigc++-2.0 -I/usr/lib/x86_64-linux-gnu/sigc++-2.0/include -I/usr/include/glib-2.0 -I/usr/lib/x86_64-linux-gnu/glib-2.0/include -I/usr/include/pixman-1 -I/usr/include/freetype2 -I/usr/include/libpng12  '
CAIROMM_LIBS='-lcairomm-1.0 -lcairo -lsigc-2.0  '
CC='gcc'
CCDEPMODE='depmode=gcc3'
CFLAGS='-g -O2'
CGAL_FLAGS='-frounding-math'
CGAL_LIBADD='-lCGAL -lgmp'
CPP='gcc -E'
CPPFLAGS=' -I/usr/include/python2.7 -I/usr/include -I/usr/lib/python2.7/dist-packages/numpy/core/include/numpy -I/usr/lib/python2.7/dist-packages/scipy -I/usr/include/sparsehash -I/usr/include/google'
CXX='g++'
CXXCPP='g++ -E'
CXXDEPMODE='depmode=gcc3'
CXXFLAGS=' -Wall -ftemplate-depth-150 -Wno-deprecated -Wno-unknown-pragmas -O3 -fvisibility=default -fvisibility-inlines-hidden -Wno-unknown-pragmas'
CYGPATH_W='echo'
DEFS='-DHAVE_CONFIG_H'
DEPDIR='.deps'
DLLTOOL='false'
DSYMUTIL=''
DUMPBIN=''
ECHO_C=''
ECHO_N='-n'
ECHO_T=''
EGREP='/bin/grep -E'
EXEEXT=''
FGREP='/bin/grep -F'
GRAPH_TOOL_VERSION_MAJOR='2'
GRAPH_TOOL_VERSION_MICRO='21'
GRAPH_TOOL_VERSION_MINOR='2'
GREP='/bin/grep'
INSTALL_DATA='${INSTALL} -m 644'
INSTALL_PROGRAM='${INSTALL}'
INSTALL_SCRIPT='${INSTALL}'
INSTALL_STRIP_PROGRAM='$(install_sh) -c -s'
LD='/usr/bin/ld -m elf_x86_64'
LDFLAGS=' -L/usr/lib -lpython2.7'
LIBOBJS=''
LIBS='-lCGAL -lexpat -lm '
LIBTOOL='$(SHELL) $(top_builddir)/libtool'
LIPO=''
LN_S='ln -s'
LTLIBOBJS=''
MAKEINFO='${SHELL} /home/santhosh/Dropbox/Thesis/code/lib/graph-tool/missing --run makeinfo'
MANIFEST_TOOL=':'
MKDIR_P='/bin/mkdir -p'
MOD_CPPFLAGS='-I$(srcdir) -I$(srcdir)/.. -I$(srcdir)/../../boost-workaround -DHAVE_CONFIG_H'
MOD_DIR='/usr/lib/python2.7/dist-packages/graph_tool'
MOD_LDFLAGS='-module -avoid-version -export-dynamic -no-undefined -Wl,-E -Wl,--as-needed'
MOD_LIBADD='-L/usr/lib -lpython2.7 -lboost_iostreams -lboost_python -lboost_regex  -lexpat'
NM='/usr/bin/nm -B'
NMEDIT=''
NO_INLINE_FALSE=''
NO_INLINE_TRUE='#'
NO_PREFIX_PACKAGE_DATA_DIR='share/graph-tool'
NO_PREFIX_PACKAGE_DOC_DIR='doc/graph-tool'
OBJDUMP='objdump'
OBJEXT='o'
OPENMP_LDFLAGS=''
OTOOL64=''
OTOOL=''
PACKAGE='graph-tool'
PACKAGE_BUGREPORT='http://graph-tool.skewed.de'
PACKAGE_DATA_DIR='/usr/local/share/graph-tool'
PACKAGE_DOC_DIR='${datarootdir}/doc/${PACKAGE_TARNAME}'
PACKAGE_NAME='graph-tool'
PACKAGE_STRING='graph-tool 2.2.21'
PACKAGE_TARNAME='graph-tool'
PACKAGE_URL=''
PACKAGE_VERSION='2.2.21'
PATH_SEPARATOR=':'
PKG_CONFIG='/usr/bin/pkg-config'
PKG_CONFIG_LIBDIR=''
PKG_CONFIG_PATH=''
PYTHON='/usr/bin/python'
PYTHON_CPPFLAGS='-I/usr/include/python2.7'
PYTHON_EXEC_PREFIX='${exec_prefix}'
PYTHON_EXTRA_LDFLAGS='-Xlinker -export-dynamic -Wl,-O1 -Wl,-Bsymbolic-functions'
PYTHON_EXTRA_LIBS='-lssl -lcrypto  -lssl -lcrypto      -L/usr/lib -lz -lpthread -ldl  -lutil'
PYTHON_FULL_VERSION='2.7.3'
PYTHON_LDFLAGS='-L/usr/lib -lpython2.7'
PYTHON_PLATFORM='linux2'
PYTHON_PREFIX='${prefix}'
PYTHON_SITE_PKG='/usr/lib/python2.7/dist-packages'
PYTHON_VERSION='2.7'
RANLIB='ranlib'
SED='/bin/sed'
SET_MAKE=''
SHELL='/bin/bash'
STRIP='strip'
VERSION='2.2.21'
ac_ct_AR='ar'
ac_ct_CC='gcc'
ac_ct_CXX='g++'
ac_ct_DUMPBIN=''
am__EXEEXT_FALSE=''
am__EXEEXT_TRUE='#'
am__fastdepCC_FALSE='#'
am__fastdepCC_TRUE=''
am__fastdepCXX_FALSE='#'
am__fastdepCXX_TRUE=''
am__include='include'
am__isrc=''
am__leading_dot='.'
am__nodep='_no'
am__quote=''
am__tar='$${TAR-tar} chof - "$$tardir"'
am__untar='$${TAR-tar} xf -'
bindir='${exec_prefix}/bin'
build='x86_64-unknown-linux-gnu'
build_alias=''
build_cpu='x86_64'
build_os='linux-gnu'
build_vendor='unknown'
datadir='${datarootdir}'
datarootdir='${prefix}/share'
docdir='${datarootdir}/doc/${PACKAGE_TARNAME}'
dvidir='${docdir}'
exec_prefix='${prefix}'
host='x86_64-unknown-linux-gnu'
host_alias=''
host_cpu='x86_64'
host_os='linux-gnu'
host_vendor='unknown'
htmldir='${docdir}'
includedir='${prefix}/include'
infodir='${datarootdir}/info'
install_sh='${SHELL} /home/santhosh/Dropbox/Thesis/code/lib/graph-tool/install-sh'
libdir='${exec_prefix}/lib'
libexecdir='${exec_prefix}/libexec'
localedir='${datarootdir}/locale'
localstatedir='${prefix}/var'
mandir='${datarootdir}/man'
mkdir_p='$(MKDIR_P)'
oldincludedir='/usr/include'
pdfdir='${docdir}'
pkgpyexecdir='${pyexecdir}/graph-tool'
pkgpythondir='${pythondir}/graph-tool'
prefix='/usr/local'
program_transform_name='s,x,x,'
psdir='${docdir}'
pyexecdir='${exec_prefix}/lib/python2.7/dist-packages'
pythondir='${prefix}/lib/python2.7/dist-packages'
sbindir='${exec_prefix}/sbin'
sharedstatedir='${prefix}/com'
sysconfdir='${prefix}/etc'
target='x86_64-unknown-linux-gnu'
target_alias=''
target_cpu='x86_64'
target_os='linux-gnu'
target_vendor='unknown'

## ----------- ##
## confdefs.h. ##
## ----------- ##

/* confdefs.h */
#define PACKAGE_NAME "graph-tool"
#define PACKAGE_TARNAME "graph-tool"
#define PACKAGE_VERSION "2.2.21"
#define PACKAGE_STRING "graph-tool 2.2.21"
#define PACKAGE_BUGREPORT "http://graph-tool.skewed.de"
#define PACKAGE_URL ""
#define PACKAGE "graph-tool"
#define VERSION "2.2.21"
#define STDC_HEADERS 1
#define HAVE_SYS_TYPES_H 1
#define HAVE_SYS_STAT_H 1
#define HAVE_STDLIB_H 1
#define HAVE_STRING_H 1
#define HAVE_MEMORY_H 1
#define HAVE_STRINGS_H 1
#define HAVE_INTTYPES_H 1
#define HAVE_STDINT_H 1
#define HAVE_UNISTD_H 1
#define __EXTENSIONS__ 1
#define _ALL_SOURCE 1
#define _GNU_SOURCE 1
#define _POSIX_PTHREAD_SEMANTICS 1
#define _TANDEM_SOURCE 1
#define STDC_HEADERS 1
#define HAVE_DLFCN_H 1
#define LT_OBJDIR ".libs/"
#define HAVE_LIBM 1
#define HAVE_LIBEXPAT 1
#define HAVE_PYTHON "2.7"
#define HAVE_BOOST /**/
#define HAVE_BOOST_PYTHON /**/
#define HAVE_BOOST_IOSTREAMS /**/
#define HAVE_BOOST_REGEX /**/
#define HAVE_BOOST_GRAPH /**/
#define HAVE_LIBCGAL 1
#define HAVE_SCIPY 1
#define HAVE_CAIROMM 1
#define INSTALL_PREFIX "/usr/local"
#define PYTHON_DIR "/usr/lib/python2.7/dist-packages"
#define CXXFLAGS " -Wall -ftemplate-depth-150 -Wno-deprecated -Wno-unknown-pragmas -O3 -fvisibility=default -fvisibility-inlines-hidden -Wno-unknown-pragmas"
#define CPPFLAGS " -I/usr/include/python2.7 -I/usr/include -I/usr/lib/python2.7/dist-packages/numpy/core/include/numpy -I/usr/lib/python2.7/dist-packages/scipy -I/usr/include/sparsehash -I/usr/include/google"
#define LDFLAGS " -L/usr/lib -lpython2.7"
#define PACKAGE_DATA_DIR "/usr/local/share/graph-tool"
#define PACKAGE_DOC_DIR "${datarootdir}/doc/${PACKAGE_TARNAME}"
#define PACKAGE_SOURCE_DIR "/home/santhosh/Dropbox/Thesis/code/lib/graph-tool"
#define AUTHOR "Tiago de Paula Peixoto <tiago@skewed.de>"
#define COPYRIGHT "Copyright (C) 2006-2013 Tiago de Paula Peixoto\nThis is free software; see the source for copying conditions.  There is NO\nwarranty; not even for MERCHANTABILITY or FITNESS FOR A PARTICULAR PURPOSE."
#define GIT_COMMIT "9ce45576"
#define GIT_COMMIT_DATE "Tue Jan 8 00:30:36 2013 +0100"
#define GCC_VERSION (__GNUC__ * 10000 + __GNUC_MINOR__ * 100 + __GNUC_PATCHLEVEL__)

configure: exit 0
